SH SERIES C/C++ Compiler (Ver. 5.1A)                                                                 27-Aug-2003 13:54:33  PAGE    1

************ OBJECT LISTING ************

FILE NAME: comm.c

SCT OFFSET   CODE       C LABEL     INSTRUCTION OPERAND    COMMENT

P                         ; File comm.c    , Line 58       ; block
    00000000              _comm_init:                      ; function: comm_init
                                                           ; frame size=8
    00000000 4F22                   STS.L       PR,@-R15
    00000002 7FFC                   ADD         #-4,R15
                          ; File comm.c    , Line 59       ; block
                          ; File comm.c    , Line 62       ; expression statement
    00000004 E300                   MOV         #0,R3
    00000006 D21A                   MOV.L       L400+2,R2  ; _comm_mode
    00000008 2232                   MOV.L       R3,@R2
                          ; File comm.c    , Line 64       ; expression statement
    0000000A E100                   MOV         #0,R1
    0000000C D019                   MOV.L       L400+6,R0  ; _cmd_buffer_pointer
    0000000E 2011                   MOV.W       R1,@R0
                          ; File comm.c    , Line 66       ; for
    00000010 E000                   MOV         #0,R0
    00000012 81F1                   MOV.W       R0,@(2,R15)
    00000014 A009                   BRA         L345
    00000016 0009                   NOP
    00000018              L346:                             
                          ; File comm.c    , Line 67       ; block
                          ; File comm.c    , Line 68       ; expression statement
    00000018 85F1                   MOV.W       @(2,R15),R0
    0000001A 600D                   EXTU.W      R0,R0
    0000001C E300                   MOV         #0,R3
    0000001E D216                   MOV.L       L400+10,R2 ; _dl_buffer
    00000020 320C                   ADD         R0,R2
    00000022 2230                   MOV.B       R3,@R2
    00000024 85F1                   MOV.W       @(2,R15),R0
    00000026 7001                   ADD         #1,R0
    00000028 81F1                   MOV.W       R0,@(2,R15)
    0000002A              L345:                             
    0000002A 85F1                   MOV.W       @(2,R15),R0
    0000002C 600D                   EXTU.W      R0,R0
    0000002E 931E                   MOV.W       L400,R3    ; H'0080
    00000030 3033                   CMP/GE      R3,R0
    00000032 8BF1                   BF          L346
                          ; File comm.c    , Line 71       ; expression statement
    00000034 E100                   MOV         #0,R1
    00000036 D211                   MOV.L       L400+14,R2 ; _dl_buffer_pointer
    00000038 2211                   MOV.W       R1,@R2
                          ; File comm.c    , Line 73       ; expression statement
    0000003A D311                   MOV.L       L400+18,R3 ; _sci_init
    0000003C 430B                   JSR         @R3
    0000003E 0009                   NOP
                          ; File comm.c    , Line 74       ; block
    00000040 7F04                   ADD         #4,R15
    00000042 4F26                   LDS.L       @R15+,PR
    00000044 000B                   RTS
    00000046 0009                   NOP
                          ; File comm.c    , Line 77       ; block
    00000048              _comm_proc:                      ; function: comm_proc
                                                           ; frame size=12
    00000048 4F22                   STS.L       PR,@-R15




SH SERIES C/C++ Compiler (Ver. 5.1A)                                                                 27-Aug-2003 13:54:33  PAGE    2


SCT OFFSET   CODE       C LABEL     INSTRUCTION OPERAND    COMMENT

    0000004A 7FF8                   ADD         #-8,R15
    0000004C 63F3                   MOV         R15,R3
    0000004E 7307                   ADD         #7,R3
    00000050 2340                   MOV.B       R4,@R3
                          ; File comm.c    , Line 78       ; block
                          ; File comm.c    , Line 82       ; switch
    00000052 D307                   MOV.L       L400+2,R3  ; _comm_mode
    00000054 6032                   MOV.L       @R3,R0
    00000056 8800                   CMP/EQ      #0,R0
    00000058 8914                   BT          L336
    0000005A 8802                   CMP/EQ      #2,R0
    0000005C 8B01                   BF          L401
    0000005E A076                   BRA         L337
    00000060 0009                   NOP
    00000062              L401:                             
    00000062 8801                   CMP/EQ      #1,R0
    00000064 8B01                   BF          L402
    00000066 A09C                   BRA         L338
    00000068 0009                   NOP
    0000006A              L402:                             
    0000006A A0CD                   BRA         L339
    0000006C 0009                   NOP
    0000006E              L400:                             
    0000006E 0080                   .DATA.W     H'0080
    00000070 <00000000>             .DATA.L     _comm_mode
    00000074 <00000000>             .DATA.L     _cmd_buffer_pointer
    00000078 <00000000>             .DATA.L     _dl_buffer
    0000007C <00000000>             .DATA.L     _dl_buffer_pointer
    00000080 <00000000>             .DATA.L     _sci_init
                          ; File comm.c    , Line 83       ; block
                          ; File comm.c    , Line 84       ; case label
    00000084              L336:                            ; case label 
                          ; File comm.c    , Line 85       ; if
    00000084 84F7                   MOV.B       @(7,R15),R0
    00000086 600C                   EXTU.B      R0,R0
    00000088 880A                   CMP/EQ      #10,R0
    0000008A 8B4B                   BF          L348
                          ; File comm.c    , Line 86       ; block
                          ; File comm.c    , Line 87       ; expression statement
    0000008C 84F7                   MOV.B       @(7,R15),R0
    0000008E 6403                   MOV         R0,R4
    00000090 B29F                   BSR         L256
    00000092 0009                   NOP
                          ; File comm.c    , Line 88       ; for
    00000094 E001                   MOV         #1,R0
    00000096 81F2                   MOV.W       R0,@(4,R15)
    00000098 A015                   BRA         L349
    0000009A 0009                   NOP
    0000009C              L350:                             
                          ; File comm.c    , Line 89       ; block
                          ; File comm.c    , Line 90       ; if
    0000009C D51C                   MOV.L       L403+4,R5  ; _cmd_buffer
    0000009E 85F2                   MOV.W       @(4,R15),R0
    000000A0 600D                   EXTU.W      R0,R0
    000000A2 6403                   MOV         R0,R4
    000000A4 4408                   SHLL2       R4
    000000A6 D01B                   MOV.L       L403+8,R0  ; _CmdString




SH SERIES C/C++ Compiler (Ver. 5.1A)                                                                 27-Aug-2003 13:54:33  PAGE    3


SCT OFFSET   CODE       C LABEL     INSTRUCTION OPERAND    COMMENT

    000000A8 044E                   MOV.L       @(R0,R4),R4
    000000AA B269                   BSR         _str_comp
    000000AC 0009                   NOP
    000000AE 600D                   EXTU.W      R0,R0
    000000B0 8801                   CMP/EQ      #1,R0
    000000B2 8B05                   BF          L351
                          ; File comm.c    , Line 91       ; block
                          ; File comm.c    , Line 92       ; expression statement
    000000B4 85F2                   MOV.W       @(4,R15),R0
    000000B6 600D                   EXTU.W      R0,R0
    000000B8 D317                   MOV.L       L403+12,R3 ; _comm_mode
    000000BA 2302                   MOV.L       R0,@R3
                          ; File comm.c    , Line 93       ; expression statement
    000000BC E004                   MOV         #4,R0
    000000BE 81F2                   MOV.W       R0,@(4,R15)
    000000C0              L351:                             
    000000C0 85F2                   MOV.W       @(4,R15),R0
    000000C2 7001                   ADD         #1,R0
    000000C4 81F2                   MOV.W       R0,@(4,R15)
    000000C6              L349:                             
    000000C6 85F2                   MOV.W       @(4,R15),R0
    000000C8 600D                   EXTU.W      R0,R0
    000000CA E304                   MOV         #4,R3
    000000CC 3033                   CMP/GE      R3,R0
    000000CE 8BE5                   BF          L350
                          ; File comm.c    , Line 97       ; expression statement
    000000D0 E100                   MOV         #0,R1
    000000D2 D212                   MOV.L       L403+16,R2 ; _cmd_buffer_pointer
    000000D4 2211                   MOV.W       R1,@R2
                          ; File comm.c    , Line 99       ; for
    000000D6 E000                   MOV         #0,R0
    000000D8 81F2                   MOV.W       R0,@(4,R15)
    000000DA A009                   BRA         L352
    000000DC 0009                   NOP
    000000DE              L353:                             
                          ; File comm.c    , Line 100      ; block
                          ; File comm.c    , Line 101      ; expression statement
    000000DE 85F2                   MOV.W       @(4,R15),R0
    000000E0 600D                   EXTU.W      R0,R0
    000000E2 E300                   MOV         #0,R3
    000000E4 D20A                   MOV.L       L403+4,R2  ; _cmd_buffer
    000000E6 320C                   ADD         R0,R2
    000000E8 2230                   MOV.B       R3,@R2
    000000EA 85F2                   MOV.W       @(4,R15),R0
    000000EC 7001                   ADD         #1,R0
    000000EE 81F2                   MOV.W       R0,@(4,R15)
    000000F0              L352:                             
    000000F0 85F2                   MOV.W       @(4,R15),R0
    000000F2 600D                   EXTU.W      R0,R0
    000000F4 930A                   MOV.W       L403,R3    ; H'0080
    000000F6 3033                   CMP/GE      R3,R0
    000000F8 8BF1                   BF          L353
                          ; File comm.c    , Line 103      ; if
    000000FA D107                   MOV.L       L403+12,R1 ; _comm_mode
    000000FC 6012                   MOV.L       @R1,R0
    000000FE 8802                   CMP/EQ      #2,R0
    00000100 8B02                   BF          L354




SH SERIES C/C++ Compiler (Ver. 5.1A)                                                                 27-Aug-2003 13:54:33  PAGE    4


SCT OFFSET   CODE       C LABEL     INSTRUCTION OPERAND    COMMENT

                          ; File comm.c    , Line 104      ; block
                          ; File comm.c    , Line 105      ; expression statement
    00000102 E200                   MOV         #0,R2
    00000104 D306                   MOV.L       L403+20,R3 ; _last_address
    00000106 2322                   MOV.L       R2,@R3
    00000108              L354:                             
    00000108 A01F                   BRA         L355
    0000010A 0009                   NOP
    0000010C              L403:                             
    0000010C 0080                   .DATA.W     H'0080
    0000010E 00000002               .RES.W      1
    00000110 <00000000>             .DATA.L     _cmd_buffer
    00000114 <00000000>             .DATA.L     _CmdString
    00000118 <00000000>             .DATA.L     _comm_mode
    0000011C <00000000>             .DATA.L     _cmd_buffer_pointer
    00000120 <00000000>             .DATA.L     _last_address
    00000124              L348:                             
                          ; File comm.c    , Line 108      ; if
    00000124 D12F                   MOV.L       L404+4,R1  ; _cmd_buffer_pointer
    00000126 6011                   MOV.W       @R1,R0
    00000128 600D                   EXTU.W      R0,R0
    0000012A 9259                   MOV.W       L404,R2    ; H'0080
    0000012C 3023                   CMP/GE      R2,R0
    0000012E 890C                   BT          L356
                          ; File comm.c    , Line 109      ; block
                          ; File comm.c    , Line 110      ; expression statement
    00000130 6011                   MOV.W       @R1,R0
    00000132 600D                   EXTU.W      R0,R0
    00000134 D32C                   MOV.L       L404+8,R3  ; _cmd_buffer
    00000136 330C                   ADD         R0,R3
    00000138 84F7                   MOV.B       @(7,R15),R0
    0000013A 2300                   MOV.B       R0,@R3
                          ; File comm.c    , Line 111      ; expression statement
    0000013C 6311                   MOV.W       @R1,R3
    0000013E 7301                   ADD         #1,R3
    00000140 2131                   MOV.W       R3,@R1
                          ; File comm.c    , Line 112      ; expression statement
    00000142 84F7                   MOV.B       @(7,R15),R0
    00000144 6403                   MOV         R0,R4
    00000146 B244                   BSR         L256
    00000148 0009                   NOP
    0000014A              L356:                             
    0000014A              L355:                             
                          ; File comm.c    , Line 114      ; break
    0000014A A077                   BRA         L347
    0000014C 0009                   NOP
                          ; File comm.c    , Line 115      ; case label
    0000014E              L337:                            ; case label 
                          ; File comm.c    , Line 116      ; expression statement
    0000014E 84F7                   MOV.B       @(7,R15),R0
    00000150 6403                   MOV         R0,R4
    00000152 B077                   BSR         L253
    00000154 0009                   NOP
    00000156 81F1                   MOV.W       R0,@(2,R15)
                          ; File comm.c    , Line 117      ; if
    00000158 600F                   EXTS.W      R0,R0
    0000015A 8801                   CMP/EQ      #1,R0




SH SERIES C/C++ Compiler (Ver. 5.1A)                                                                 27-Aug-2003 13:54:33  PAGE    5


SCT OFFSET   CODE       C LABEL     INSTRUCTION OPERAND    COMMENT

    0000015C 8B13                   BF          L357
                          ; File comm.c    , Line 118      ; block
                          ; File comm.c    , Line 119      ; if
    0000015E D223                   MOV.L       L404+12,R2 ; _comm_mode
    00000160 6022                   MOV.L       @R2,R0
    00000162 8802                   CMP/EQ      #2,R0
    00000164 8907                   BT          L358
                          ; File comm.c    , Line 120      ; block
                          ; File comm.c    , Line 121      ; expression statement
    00000166 E465                   MOV         #101,R4
    00000168 B233                   BSR         L256
    0000016A 0009                   NOP
                          ; File comm.c    , Line 122      ; expression statement
    0000016C E40A                   MOV         #10,R4
    0000016E B230                   BSR         L256
    00000170 0009                   NOP
    00000172 A006                   BRA         L359
    00000174 0009                   NOP
    00000176              L358:                             
                          ; File comm.c    , Line 125      ; block
                          ; File comm.c    , Line 126      ; expression statement
    00000176 E478                   MOV         #120,R4
    00000178 B22B                   BSR         L256
    0000017A 0009                   NOP
                          ; File comm.c    , Line 127      ; expression statement
    0000017C E40A                   MOV         #10,R4
    0000017E B228                   BSR         L256
    00000180 0009                   NOP
    00000182              L359:                             
    00000182 A00C                   BRA         L360
    00000184 0009                   NOP
    00000186              L357:                             
                          ; File comm.c    , Line 130      ; if
    00000186 85F1                   MOV.W       @(2,R15),R0
    00000188 8802                   CMP/EQ      #2,R0
    0000018A 8B08                   BF          L361
                          ; File comm.c    , Line 131      ; block
                          ; File comm.c    , Line 132      ; expression statement
    0000018C E46D                   MOV         #109,R4
    0000018E B220                   BSR         L256
    00000190 0009                   NOP
                          ; File comm.c    , Line 133      ; expression statement
    00000192 E40A                   MOV         #10,R4
    00000194 B21D                   BSR         L256
    00000196 0009                   NOP
                          ; File comm.c    , Line 134      ; expression statement
    00000198 E200                   MOV         #0,R2
    0000019A D314                   MOV.L       L404+12,R3 ; _comm_mode
    0000019C 2322                   MOV.L       R2,@R3
    0000019E              L361:                             
    0000019E              L360:                             
                          ; File comm.c    , Line 136      ; break
    0000019E A04D                   BRA         L347
    000001A0 0009                   NOP
                          ; File comm.c    , Line 137      ; case label
    000001A2              L338:                            ; case label 
                          ; File comm.c    , Line 138      ; expression statement




SH SERIES C/C++ Compiler (Ver. 5.1A)                                                                 27-Aug-2003 13:54:33  PAGE    6


SCT OFFSET   CODE       C LABEL     INSTRUCTION OPERAND    COMMENT

    000001A2 D213                   MOV.L       L404+16,R2 ; _flash_erase_all
    000001A4 420B                   JSR         @R2
    000001A6 0009                   NOP
                          ; File comm.c    , Line 142      ; expression statement
    000001A8 D312                   MOV.L       L404+20,R3 ; H'F4000000
    000001AA D113                   MOV.L       L404+24,R1 ; _last_address
    000001AC 6612                   MOV.L       @R1,R6
    000001AE 363C                   ADD         R3,R6
    000001B0 D512                   MOV.L       L404+28,R5 ; H'B4000000
    000001B2 D413                   MOV.L       L404+32,R4 ; H'0C000000
    000001B4 D213                   MOV.L       L404+36,R2 ; _flash_write_proc
    000001B6 420B                   JSR         @R2
    000001B8 0009                   NOP
                          ; File comm.c    , Line 144      ; expression statement
    000001BA E457                   MOV         #87,R4
    000001BC B209                   BSR         L256
    000001BE 0009                   NOP
                          ; File comm.c    , Line 145      ; expression statement
    000001C0 E452                   MOV         #82,R4
    000001C2 B206                   BSR         L256
    000001C4 0009                   NOP
                          ; File comm.c    , Line 146      ; expression statement
    000001C6 E445                   MOV         #69,R4
    000001C8 B203                   BSR         L256
    000001CA 0009                   NOP
                          ; File comm.c    , Line 147      ; expression statement
    000001CC E40A                   MOV         #10,R4
    000001CE B200                   BSR         L256
    000001D0 0009                   NOP
                          ; File comm.c    , Line 149      ; expression statement
    000001D2 E300                   MOV         #0,R3
    000001D4 D205                   MOV.L       L404+12,R2 ; _comm_mode
    000001D6 2232                   MOV.L       R3,@R2
                          ; File comm.c    , Line 151      ; expression statement
    000001D8 B072                   BSR         L255
    000001DA 0009                   NOP
                          ; File comm.c    , Line 153      ; break
    000001DC A02E                   BRA         L347
    000001DE 0009                   NOP
    000001E0              L404:                             
    000001E0 0080                   .DATA.W     H'0080
    000001E2 00000002               .RES.W      1
    000001E4 <00000000>             .DATA.L     _cmd_buffer_pointer
    000001E8 <00000000>             .DATA.L     _cmd_buffer
    000001EC <00000000>             .DATA.L     _comm_mode
    000001F0 <00000000>             .DATA.L     _flash_erase_all
    000001F4 F4000000               .DATA.L     H'F4000000
    000001F8 <00000000>             .DATA.L     _last_address
    000001FC B4000000               .DATA.L     H'B4000000
    00000200 0C000000               .DATA.L     H'0C000000
    00000204 <00000000>             .DATA.L     _flash_write_proc
                          ; File comm.c    , Line 154      ; default label
    00000208              L339:                            ; default label 
                          ; File comm.c    , Line 155      ; expression statement
    00000208 E100                   MOV         #0,R1
    0000020A D017                   MOV.L       L405+4,R0  ; _cmd_buffer_pointer
    0000020C 2011                   MOV.W       R1,@R0




SH SERIES C/C++ Compiler (Ver. 5.1A)                                                                 27-Aug-2003 13:54:33  PAGE    7


SCT OFFSET   CODE       C LABEL     INSTRUCTION OPERAND    COMMENT

                          ; File comm.c    , Line 157      ; for
    0000020E E000                   MOV         #0,R0
    00000210 81F2                   MOV.W       R0,@(4,R15)
    00000212 A009                   BRA         L362
    00000214 0009                   NOP
    00000216              L363:                             
                          ; File comm.c    , Line 158      ; block
                          ; File comm.c    , Line 159      ; expression statement
    00000216 85F2                   MOV.W       @(4,R15),R0
    00000218 600D                   EXTU.W      R0,R0
    0000021A E300                   MOV         #0,R3
    0000021C D213                   MOV.L       L405+8,R2  ; _cmd_buffer
    0000021E 320C                   ADD         R0,R2
    00000220 2230                   MOV.B       R3,@R2
    00000222 85F2                   MOV.W       @(4,R15),R0
    00000224 7001                   ADD         #1,R0
    00000226 81F2                   MOV.W       R0,@(4,R15)
    00000228              L362:                             
    00000228 85F2                   MOV.W       @(4,R15),R0
    0000022A 600D                   EXTU.W      R0,R0
    0000022C 931A                   MOV.W       L405,R3    ; H'0080
    0000022E 3033                   CMP/GE      R3,R0
    00000230 8BF1                   BF          L363
                          ; File comm.c    , Line 162      ; expression statement
    00000232 E100                   MOV         #0,R1
    00000234 D20E                   MOV.L       L405+12,R2 ; _comm_mode
    00000236 2212                   MOV.L       R1,@R2
                          ; File comm.c    , Line 163      ; break
    00000238 A000                   BRA         L347
    0000023A 0009                   NOP
    0000023C              L347:                             
                          ; File comm.c    , Line 165      ; block
    0000023C 7F08                   ADD         #8,R15
    0000023E 4F26                   LDS.L       @R15+,PR
    00000240 000B                   RTS
    00000242 0009                   NOP
                          ; File comm.c    , Line 168      ; block
    00000244              L253:                            ; function: download
                                                           ; frame size=12
    00000244 4F22                   STS.L       PR,@-R15
    00000246 7FF8                   ADD         #-8,R15
    00000248 63F3                   MOV         R15,R3
    0000024A 7307                   ADD         #7,R3
    0000024C 2340                   MOV.B       R4,@R3
                          ; File comm.c    , Line 169      ; block
                          ; File comm.c    , Line 173      ; if
    0000024E 84F7                   MOV.B       @(7,R15),R0
    00000250 600C                   EXTU.B      R0,R0
    00000252 880A                   CMP/EQ      #10,R0
    00000254 8B1F                   BF          L364
                          ; File comm.c    , Line 174      ; block
                          ; File comm.c    , Line 175      ; expression statement
    00000256 B05C                   BSR         L254
    00000258 0009                   NOP
    0000025A 81F1                   MOV.W       R0,@(2,R15)
                          ; File comm.c    , Line 176      ; for
    0000025C E000                   MOV         #0,R0




SH SERIES C/C++ Compiler (Ver. 5.1A)                                                                 27-Aug-2003 13:54:33  PAGE    8


SCT OFFSET   CODE       C LABEL     INSTRUCTION OPERAND    COMMENT

    0000025E 81F2                   MOV.W       R0,@(4,R15)
    00000260 A010                   BRA         L365
    00000262 0009                   NOP
    00000264              L405:                             
    00000264 0080                   .DATA.W     H'0080
    00000266 00000002               .RES.W      1
    00000268 <00000000>             .DATA.L     _cmd_buffer_pointer
    0000026C <00000000>             .DATA.L     _cmd_buffer
    00000270 <00000000>             .DATA.L     _comm_mode
    00000274              L366:                             
                          ; File comm.c    , Line 177      ; block
                          ; File comm.c    , Line 178      ; expression statement
    00000274 85F2                   MOV.W       @(4,R15),R0
    00000276 E300                   MOV         #0,R3
    00000278 D216                   MOV.L       L406+2,R2  ; _dl_buffer
    0000027A 320C                   ADD         R0,R2
    0000027C 2230                   MOV.B       R3,@R2
    0000027E 85F2                   MOV.W       @(4,R15),R0
    00000280 7001                   ADD         #1,R0
    00000282 81F2                   MOV.W       R0,@(4,R15)
    00000284              L365:                             
    00000284 85F2                   MOV.W       @(4,R15),R0
    00000286 9324                   MOV.W       L406,R3    ; H'0080
    00000288 3033                   CMP/GE      R3,R0
    0000028A 8BF3                   BF          L366
                          ; File comm.c    , Line 180      ; expression statement
    0000028C E100                   MOV         #0,R1
    0000028E D212                   MOV.L       L406+6,R2  ; _dl_buffer_pointer
    00000290 2211                   MOV.W       R1,@R2
    00000292 A00C                   BRA         L367
    00000294 0009                   NOP
    00000296              L364:                             
                          ; File comm.c    , Line 183      ; block
                          ; File comm.c    , Line 184      ; expression statement
    00000296 D310                   MOV.L       L406+6,R3  ; _dl_buffer_pointer
    00000298 6031                   MOV.W       @R3,R0
    0000029A 600D                   EXTU.W      R0,R0
    0000029C D20D                   MOV.L       L406+2,R2  ; _dl_buffer
    0000029E 320C                   ADD         R0,R2
    000002A0 84F7                   MOV.B       @(7,R15),R0
    000002A2 2200                   MOV.B       R0,@R2
                          ; File comm.c    , Line 185      ; expression statement
    000002A4 6231                   MOV.W       @R3,R2
    000002A6 7201                   ADD         #1,R2
    000002A8 2321                   MOV.W       R2,@R3
                          ; File comm.c    , Line 186      ; expression statement
    000002AA E000                   MOV         #0,R0
    000002AC 81F1                   MOV.W       R0,@(2,R15)
    000002AE              L367:                             
                          ; File comm.c    , Line 188      ; return
    000002AE 85F1                   MOV.W       @(2,R15),R0
    000002B0 7F08                   ADD         #8,R15
    000002B2 4F26                   LDS.L       @R15+,PR
    000002B4 000B                   RTS
    000002B6 0009                   NOP
                          ; File comm.c    , Line 189      ; block
    000002B8              L368:                             




SH SERIES C/C++ Compiler (Ver. 5.1A)                                                                 27-Aug-2003 13:54:33  PAGE    9


SCT OFFSET   CODE       C LABEL     INSTRUCTION OPERAND    COMMENT

    000002B8 7F08                   ADD         #8,R15
    000002BA 4F26                   LDS.L       @R15+,PR
    000002BC 000B                   RTS
    000002BE 0009                   NOP
                          ; File comm.c    , Line 192      ; block
    000002C0              L255:                            ; function: verify_ram2flash
                                                           ; frame size=12
    000002C0 7FF4                   ADD         #-12,R15
                          ; File comm.c    , Line 193      ; block
                          ; File comm.c    , Line 198      ; expression statement
    000002C2 D306                   MOV.L       L406+10,R3 ; H'0C000000
    000002C4 1F32                   MOV.L       R3,@(8,R15)
                          ; File comm.c    , Line 199      ; expression statement
    000002C6 D206                   MOV.L       L406+14,R2 ; H'B4000000
    000002C8 1F21                   MOV.L       R2,@(4,R15)
                          ; File comm.c    , Line 200      ; for
    000002CA E300                   MOV         #0,R3
    000002CC 2F32                   MOV.L       R3,@R15
    000002CE A019                   BRA         L369
    000002D0 0009                   NOP
    000002D2              L406:                             
    000002D2 0080                   .DATA.W     H'0080
    000002D4 <00000000>             .DATA.L     _dl_buffer
    000002D8 <00000000>             .DATA.L     _dl_buffer_pointer
    000002DC 0C000000               .DATA.L     H'0C000000
    000002E0 B4000000               .DATA.L     H'B4000000
    000002E4              L370:                             
                          ; File comm.c    , Line 201      ; block
                          ; File comm.c    , Line 202      ; if
    000002E4 51F2                   MOV.L       @(8,R15),R1
    000002E6 6310                   MOV.B       @R1,R3
    000002E8 633C                   EXTU.B      R3,R3
    000002EA 62F2                   MOV.L       @R15,R2
    000002EC 332C                   ADD         R2,R3
    000002EE 51F1                   MOV.L       @(4,R15),R1
    000002F0 6110                   MOV.B       @R1,R1
    000002F2 611C                   EXTU.B      R1,R1
    000002F4 312C                   ADD         R2,R1
    000002F6 3310                   CMP/EQ      R1,R3
    000002F8 8901                   BT          L371
                          ; File comm.c    , Line 203      ; block
                          ; File comm.c    , Line 204      ; break
    000002FA A007                   BRA         L372
    000002FC 0009                   NOP
    000002FE              L371:                             
    000002FE 63F2                   MOV.L       @R15,R3
    00000300 7301                   ADD         #1,R3
    00000302 2F32                   MOV.L       R3,@R15
    00000304              L369:                             
    00000304 D216                   MOV.L       L407+2,R2  ; H'000FFFFF
    00000306 61F2                   MOV.L       @R15,R1
    00000308 3122                   CMP/HS      R2,R1
    0000030A 8BEB                   BF          L370
    0000030C              L372:                             
                          ; File comm.c    , Line 207      ; block
    0000030C 7F0C                   ADD         #12,R15
    0000030E 000B                   RTS




SH SERIES C/C++ Compiler (Ver. 5.1A)                                                                 27-Aug-2003 13:54:33  PAGE   10


SCT OFFSET   CODE       C LABEL     INSTRUCTION OPERAND    COMMENT

    00000310 0009                   NOP
                          ; File comm.c    , Line 211      ; block
    00000312              L254:                            ; function: check_sformat
                                                           ; frame size=92
    00000312 4F22                   STS.L       PR,@-R15
    00000314 7FA8                   ADD         #-88,R15
                          ; File comm.c    , Line 212      ; block
                          ; File comm.c    , Line 224      ; expression statement
    00000316 E301                   MOV         #1,R3
    00000318 E056                   MOV         #86,R0
    0000031A 0F35                   MOV.W       R3,@(R0,R15)
                          ; File comm.c    , Line 225      ; if
    0000031C D511                   MOV.L       L407+6,R5  ; _dl_buffer
    0000031E D412                   MOV.L       L407+10,R4 ; L302
    00000320 B12E                   BSR         _str_comp
    00000322 0009                   NOP
    00000324 600D                   EXTU.W      R0,R0
    00000326 8801                   CMP/EQ      #1,R0
    00000328 8B07                   BF          L373
                          ; File comm.c    , Line 226      ; block
                          ; File comm.c    , Line 227      ; expression statement
    0000032A E301                   MOV         #1,R3
    0000032C E056                   MOV         #86,R0
    0000032E 0F35                   MOV.W       R3,@(R0,R15)
                          ; File comm.c    , Line 228      ; expression statement
    00000330 E200                   MOV         #0,R2
    00000332 D10E                   MOV.L       L407+14,R1 ; _comm_mode
    00000334 2122                   MOV.L       R2,@R1
    00000336 A114                   BRA         L374
    00000338 0009                   NOP
    0000033A              L373:                             
                          ; File comm.c    , Line 231      ; block
                          ; File comm.c    , Line 232      ; if
    0000033A D00A                   MOV.L       L407+6,R0  ; _dl_buffer
    0000033C 6000                   MOV.B       @R0,R0
    0000033E 600C                   EXTU.B      R0,R0
    00000340 8853                   CMP/EQ      #83,R0
    00000342 8901                   BT          L408
    00000344 A10D                   BRA         L375
    00000346 0009                   NOP
    00000348              L408:                             
                          ; File comm.c    , Line 233      ; block
                          ; File comm.c    , Line 234      ; switch
    00000348 D009                   MOV.L       L407+18,R0 ; H'00000001+_dl_buffer
    0000034A 6000                   MOV.B       @R0,R0
    0000034C 600C                   EXTU.B      R0,R0
    0000034E 8831                   CMP/EQ      #49,R0
    00000350 8910                   BT          L341
    00000352 8832                   CMP/EQ      #50,R0
    00000354 8913                   BT          L342
    00000356 8833                   CMP/EQ      #51,R0
    00000358 8916                   BT          L343
    0000035A A01A                   BRA         L344
    0000035C 0009                   NOP
    0000035E              L407:                             
    0000035E 00000002               .RES.W      1
    00000360 000FFFFF               .DATA.L     H'000FFFFF




SH SERIES C/C++ Compiler (Ver. 5.1A)                                                                 27-Aug-2003 13:54:33  PAGE   11


SCT OFFSET   CODE       C LABEL     INSTRUCTION OPERAND    COMMENT

    00000364 <00000000>             .DATA.L     _dl_buffer
    00000368 <00000000>             .DATA.L     L302
    0000036C <00000000>             .DATA.L     _comm_mode
    00000370 <00000001>             .DATA.L     H'00000001+_dl_buffer
                          ; File comm.c    , Line 235      ; block
                          ; File comm.c    , Line 236      ; case label
    00000374              L341:                            ; case label 
                          ; File comm.c    , Line 237      ; expression statement
    00000374 E302                   MOV         #2,R3
    00000376 E054                   MOV         #84,R0
    00000378 0F35                   MOV.W       R3,@(R0,R15)
                          ; File comm.c    , Line 238      ; break
    0000037A A00F                   BRA         L376
    0000037C 0009                   NOP
                          ; File comm.c    , Line 239      ; case label
    0000037E              L342:                            ; case label 
                          ; File comm.c    , Line 240      ; expression statement
    0000037E E103                   MOV         #3,R1
    00000380 E054                   MOV         #84,R0
    00000382 0F15                   MOV.W       R1,@(R0,R15)
                          ; File comm.c    , Line 241      ; break
    00000384 A00A                   BRA         L376
    00000386 0009                   NOP
                          ; File comm.c    , Line 242      ; case label
    00000388              L343:                            ; case label 
                          ; File comm.c    , Line 243      ; expression statement
    00000388 E204                   MOV         #4,R2
    0000038A E054                   MOV         #84,R0
    0000038C 0F25                   MOV.W       R2,@(R0,R15)
                          ; File comm.c    , Line 244      ; break
    0000038E A005                   BRA         L376
    00000390 0009                   NOP
                          ; File comm.c    , Line 245      ; default label
    00000392              L344:                            ; default label 
                          ; File comm.c    , Line 246      ; expression statement
    00000392 E100                   MOV         #0,R1
    00000394 E054                   MOV         #84,R0
    00000396 0F15                   MOV.W       R1,@(R0,R15)
                          ; File comm.c    , Line 247      ; break
    00000398 A000                   BRA         L376
    0000039A 0009                   NOP
    0000039C              L376:                             
                          ; File comm.c    , Line 249      ; if
    0000039C E054                   MOV         #84,R0
    0000039E 02FD                   MOV.W       @(R0,R15),R2
    000003A0 2228                   TST         R2,R2
    000003A2 8B01                   BF          L409
    000003A4 A0DD                   BRA         L377
    000003A6 0009                   NOP
    000003A8              L409:                             
                          ; File comm.c    , Line 250      ; block
                          ; File comm.c    , Line 251      ; expression statement
    000003A8 E102                   MOV         #2,R1
    000003AA E04A                   MOV         #74,R0
    000003AC 0F15                   MOV.W       R1,@(R0,R15)
                          ; File comm.c    , Line 252      ; expression statement
    000003AE E300                   MOV         #0,R3




SH SERIES C/C++ Compiler (Ver. 5.1A)                                                                 27-Aug-2003 13:54:33  PAGE   12


SCT OFFSET   CODE       C LABEL     INSTRUCTION OPERAND    COMMENT

    000003B0 E048                   MOV         #72,R0
    000003B2 0F35                   MOV.W       R3,@(R0,R15)
                          ; File comm.c    , Line 253      ; while
    000003B4 A03A                   BRA         L378
    000003B6 0009                   NOP
    000003B8              L379:                             
                          ; File comm.c    , Line 254      ; block
                          ; File comm.c    , Line 255      ; expression statement
    000003B8 E04A                   MOV         #74,R0
    000003BA 00FD                   MOV.W       @(R0,R15),R0
    000003BC D113                   MOV.L       L410+2,R1  ; _dl_buffer
    000003BE 001C                   MOV.B       @(R0,R1),R0
    000003C0 80F5                   MOV.B       R0,@(5,R15)
                          ; File comm.c    , Line 256      ; if
    000003C2 84F5                   MOV.B       @(5,R15),R0
    000003C4 600C                   EXTU.B      R0,R0
    000003C6 E341                   MOV         #65,R3
    000003C8 3033                   CMP/GE      R3,R0
    000003CA 8904                   BT          L380
                          ; File comm.c    , Line 257      ; block
                          ; File comm.c    , Line 258      ; expression statement
    000003CC 84F5                   MOV.B       @(5,R15),R0
    000003CE C90F                   AND         #15,R0
    000003D0 80F5                   MOV.B       R0,@(5,R15)
    000003D2 A006                   BRA         L381
    000003D4 0009                   NOP
    000003D6              L380:                             
                          ; File comm.c    , Line 261      ; block
                          ; File comm.c    , Line 262      ; expression statement
    000003D6 62F3                   MOV         R15,R2
    000003D8 7205                   ADD         #5,R2
    000003DA 6020                   MOV.B       @R2,R0
    000003DC C90F                   AND         #15,R0
    000003DE 7009                   ADD         #9,R0
    000003E0 80F5                   MOV.B       R0,@(5,R15)
    000003E2              L381:                             
                          ; File comm.c    , Line 264      ; if
    000003E2 E04A                   MOV         #74,R0
    000003E4 00FD                   MOV.W       @(R0,R15),R0
    000003E6 C801                   TST         #1,R0
    000003E8 8912                   BT          L382
                          ; File comm.c    , Line 265      ; block
                          ; File comm.c    , Line 266      ; expression statement
    000003EA E048                   MOV         #72,R0
    000003EC 02FD                   MOV.W       @(R0,R15),R2
    000003EE 63F3                   MOV         R15,R3
    000003F0 7308                   ADD         #8,R3
    000003F2 323C                   ADD         R3,R2
    000003F4 84F5                   MOV.B       @(5,R15),R0
    000003F6 6120                   MOV.B       @R2,R1
    000003F8 310C                   ADD         R0,R1
    000003FA 2210                   MOV.B       R1,@R2
                          ; File comm.c    , Line 267      ; expression statement
    000003FC E048                   MOV         #72,R0
    000003FE 02FD                   MOV.W       @(R0,R15),R2
    00000400 7201                   ADD         #1,R2
    00000402 E048                   MOV         #72,R0




SH SERIES C/C++ Compiler (Ver. 5.1A)                                                                 27-Aug-2003 13:54:33  PAGE   13


SCT OFFSET   CODE       C LABEL     INSTRUCTION OPERAND    COMMENT

    00000404 0F25                   MOV.W       R2,@(R0,R15)
    00000406 A00C                   BRA         L383
    00000408 0009                   NOP
    0000040A              L410:                             
    0000040A 00000002               .RES.W      1
    0000040C <00000000>             .DATA.L     _dl_buffer
    00000410              L382:                             
                          ; File comm.c    , Line 270      ; block
                          ; File comm.c    , Line 271      ; expression statement
    00000410 E048                   MOV         #72,R0
    00000412 03FD                   MOV.W       @(R0,R15),R3
    00000414 62F3                   MOV         R15,R2
    00000416 7208                   ADD         #8,R2
    00000418 332C                   ADD         R2,R3
    0000041A 84F5                   MOV.B       @(5,R15),R0
    0000041C 4008                   SHLL2       R0
    0000041E 4008                   SHLL2       R0
    00000420 2300                   MOV.B       R0,@R3
    00000422              L383:                             
                          ; File comm.c    , Line 273      ; expression statement
    00000422 E04A                   MOV         #74,R0
    00000424 03FD                   MOV.W       @(R0,R15),R3
    00000426 7301                   ADD         #1,R3
    00000428 E04A                   MOV         #74,R0
    0000042A 0F35                   MOV.W       R3,@(R0,R15)
    0000042C              L378:                             
    0000042C E04A                   MOV         #74,R0
    0000042E 02FD                   MOV.W       @(R0,R15),R2
    00000430 D018                   MOV.L       L411+2,R0  ; _dl_buffer
    00000432 032C                   MOV.B       @(R0,R2),R3
    00000434 633C                   EXTU.B      R3,R3
    00000436 2338                   TST         R3,R3
    00000438 8BBE                   BF          L379
                          ; File comm.c    , Line 275      ; expression statement
    0000043A 84F8                   MOV.B       @(8,R15),R0
    0000043C 600C                   EXTU.B      R0,R0
    0000043E 61F3                   MOV         R15,R1
    00000440 7152                   ADD         #82,R1
    00000442 2101                   MOV.W       R0,@R1
                          ; File comm.c    , Line 276      ; expression statement
    00000444 E300                   MOV         #0,R3
    00000446 E04C                   MOV         #76,R0
    00000448 0F36                   MOV.L       R3,@(R0,R15)
                          ; File comm.c    , Line 277      ; for
    0000044A E000                   MOV         #0,R0
    0000044C 81F3                   MOV.W       R0,@(6,R15)
    0000044E A014                   BRA         L384
    00000450 0009                   NOP
    00000452              L385:                             
                          ; File comm.c    , Line 278      ; block
                          ; File comm.c    , Line 279      ; expression statement
    00000452 E04C                   MOV         #76,R0
    00000454 02FE                   MOV.L       @(R0,R15),R2
    00000456 4218                   SHLL8       R2
    00000458 E04C                   MOV         #76,R0
    0000045A 0F26                   MOV.L       R2,@(R0,R15)
                          ; File comm.c    , Line 280      ; expression statement




SH SERIES C/C++ Compiler (Ver. 5.1A)                                                                 27-Aug-2003 13:54:33  PAGE   14


SCT OFFSET   CODE       C LABEL     INSTRUCTION OPERAND    COMMENT

    0000045C 85F3                   MOV.W       @(6,R15),R0
    0000045E 63F3                   MOV         R15,R3
    00000460 7308                   ADD         #8,R3
    00000462 303C                   ADD         R3,R0
    00000464 8401                   MOV.B       @(1,R0),R0
    00000466 600C                   EXTU.B      R0,R0
    00000468 61F3                   MOV         R15,R1
    0000046A 714C                   ADD         #76,R1
    0000046C 6112                   MOV.L       @R1,R1
    0000046E 310C                   ADD         R0,R1
    00000470 E04C                   MOV         #76,R0
    00000472 0F16                   MOV.L       R1,@(R0,R15)
    00000474 85F3                   MOV.W       @(6,R15),R0
    00000476 7001                   ADD         #1,R0
    00000478 81F3                   MOV.W       R0,@(6,R15)
    0000047A              L384:                             
    0000047A 85F3                   MOV.W       @(6,R15),R0
    0000047C 61F3                   MOV         R15,R1
    0000047E 7154                   ADD         #84,R1
    00000480 6311                   MOV.W       @R1,R3
    00000482 3033                   CMP/GE      R3,R0
    00000484 8BE5                   BF          L385
                          ; File comm.c    , Line 283      ; expression statement
    00000486 E000                   MOV         #0,R0
    00000488 81F1                   MOV.W       R0,@(2,R15)
                          ; File comm.c    , Line 284      ; for
    0000048A E000                   MOV         #0,R0
    0000048C 81F3                   MOV.W       R0,@(6,R15)
    0000048E A00F                   BRA         L386
    00000490 0009                   NOP
    00000492              L411:                             
    00000492 00000002               .RES.W      1
    00000494 <00000000>             .DATA.L     _dl_buffer
    00000498              L387:                             
                          ; File comm.c    , Line 285      ; block
                          ; File comm.c    , Line 286      ; expression statement
    00000498 85F3                   MOV.W       @(6,R15),R0
    0000049A 63F3                   MOV         R15,R3
    0000049C 7308                   ADD         #8,R3
    0000049E 303C                   ADD         R3,R0
    000004A0 6200                   MOV.B       @R0,R2
    000004A2 622C                   EXTU.B      R2,R2
    000004A4 85F1                   MOV.W       @(2,R15),R0
    000004A6 302C                   ADD         R2,R0
    000004A8 81F1                   MOV.W       R0,@(2,R15)
    000004AA 85F3                   MOV.W       @(6,R15),R0
    000004AC 7001                   ADD         #1,R0
    000004AE 81F3                   MOV.W       R0,@(6,R15)
    000004B0              L386:                             
    000004B0 85F3                   MOV.W       @(6,R15),R0
    000004B2 61F3                   MOV         R15,R1
    000004B4 7152                   ADD         #82,R1
    000004B6 6311                   MOV.W       @R1,R3
    000004B8 7301                   ADD         #1,R3
    000004BA 3033                   CMP/GE      R3,R0
    000004BC 8BEC                   BF          L387
                          ; File comm.c    , Line 288      ; if




SH SERIES C/C++ Compiler (Ver. 5.1A)                                                                 27-Aug-2003 13:54:33  PAGE   15


SCT OFFSET   CODE       C LABEL     INSTRUCTION OPERAND    COMMENT

    000004BE 85F1                   MOV.W       @(2,R15),R0
    000004C0 600D                   EXTU.W      R0,R0
    000004C2 600C                   EXTU.B      R0,R0
    000004C4 9311                   MOV.W       L412,R3    ; H'00FF
    000004C6 3030                   CMP/EQ      R3,R0
    000004C8 8B3E                   BF          L388
                          ; File comm.c    , Line 289      ; block
                          ; File comm.c    , Line 290      ; expression statement
    000004CA D208                   MOV.L       L412+2,R2  ; H'1FFFFFFF
    000004CC E04C                   MOV         #76,R0
    000004CE 01FE                   MOV.L       @(R0,R15),R1
    000004D0 2129                   AND         R2,R1
    000004D2 E04C                   MOV         #76,R0
    000004D4 0F16                   MOV.L       R1,@(R0,R15)
                          ; File comm.c    , Line 291      ; expression statement
    000004D6 D306                   MOV.L       L412+6,R3  ; H'0C000000
    000004D8 313C                   ADD         R3,R1
    000004DA E04C                   MOV         #76,R0
    000004DC 0F16                   MOV.L       R1,@(R0,R15)
                          ; File comm.c    , Line 292      ; for
    000004DE E054                   MOV         #84,R0
    000004E0 00FD                   MOV.W       @(R0,R15),R0
    000004E2 7001                   ADD         #1,R0
    000004E4 81F3                   MOV.W       R0,@(6,R15)
    000004E6 A01C                   BRA         L389
    000004E8 0009                   NOP
    000004EA              L412:                             
    000004EA 00FF                   .DATA.W     H'00FF
    000004EC 1FFFFFFF               .DATA.L     H'1FFFFFFF
    000004F0 0C000000               .DATA.L     H'0C000000
    000004F4              L390:                             
                          ; File comm.c    , Line 293      ; block
                          ; File comm.c    , Line 294      ; if
    000004F4 D220                   MOV.L       L413+2,R2  ; H'0C0FFFFF
    000004F6 E04C                   MOV         #76,R0
    000004F8 03FE                   MOV.L       @(R0,R15),R3
    000004FA 3326                   CMP/HI      R2,R3
    000004FC 8B01                   BF          L391
                          ; File comm.c    , Line 294      ; expression statement
    000004FE E04C                   MOV         #76,R0
    00000500 0F26                   MOV.L       R2,@(R0,R15)
    00000502              L391:                             
                          ; File comm.c    , Line 295      ; expression statement
    00000502 E04C                   MOV         #76,R0
    00000504 03FE                   MOV.L       @(R0,R15),R3
    00000506 85F3                   MOV.W       @(6,R15),R0
    00000508 62F3                   MOV         R15,R2
    0000050A 7208                   ADD         #8,R2
    0000050C 302C                   ADD         R2,R0
    0000050E 6100                   MOV.B       @R0,R1
    00000510 2310                   MOV.B       R1,@R3
                          ; File comm.c    , Line 296      ; expression statement
    00000512 E04C                   MOV         #76,R0
    00000514 03FE                   MOV.L       @(R0,R15),R3
    00000516 7301                   ADD         #1,R3
    00000518 E04C                   MOV         #76,R0
    0000051A 0F36                   MOV.L       R3,@(R0,R15)




SH SERIES C/C++ Compiler (Ver. 5.1A)                                                                 27-Aug-2003 13:54:33  PAGE   16


SCT OFFSET   CODE       C LABEL     INSTRUCTION OPERAND    COMMENT

    0000051C 85F3                   MOV.W       @(6,R15),R0
    0000051E 7001                   ADD         #1,R0
    00000520 81F3                   MOV.W       R0,@(6,R15)
    00000522              L389:                             
    00000522 85F3                   MOV.W       @(6,R15),R0
    00000524 61F3                   MOV         R15,R1
    00000526 7152                   ADD         #82,R1
    00000528 6311                   MOV.W       @R1,R3
    0000052A 3033                   CMP/GE      R3,R0
    0000052C 8BE2                   BF          L390
                          ; File comm.c    , Line 299      ; if
    0000052E E04C                   MOV         #76,R0
    00000530 02FE                   MOV.L       @(R0,R15),R2
    00000532 D112                   MOV.L       L413+6,R1  ; _last_address
    00000534 6312                   MOV.L       @R1,R3
    00000536 3322                   CMP/HS      R2,R3
    00000538 8901                   BT          L392
                          ; File comm.c    , Line 300      ; block
                          ; File comm.c    , Line 301      ; expression statement
    0000053A D010                   MOV.L       L413+6,R0  ; _last_address
    0000053C 2022                   MOV.L       R2,@R0
    0000053E              L392:                             
                          ; File comm.c    , Line 304      ; expression statement
    0000053E E301                   MOV         #1,R3
    00000540 E056                   MOV         #86,R0
    00000542 0F35                   MOV.W       R3,@(R0,R15)
    00000544 A00D                   BRA         L393
    00000546 0009                   NOP
    00000548              L388:                             
                          ; File comm.c    , Line 307      ; block
                          ; File comm.c    , Line 308      ; expression statement
    00000548 E102                   MOV         #2,R1
    0000054A E056                   MOV         #86,R0
    0000054C 0F15                   MOV.W       R1,@(R0,R15)
                          ; File comm.c    , Line 309      ; expression statement
    0000054E 85F1                   MOV.W       @(2,R15),R0
    00000550 600D                   EXTU.W      R0,R0
    00000552 6403                   MOV         R0,R4
    00000554 4419                   SHLR8       R4
    00000556 B03C                   BSR         L256
    00000558 0009                   NOP
                          ; File comm.c    , Line 310      ; expression statement
    0000055A 85F1                   MOV.W       @(2,R15),R0
    0000055C 6403                   MOV         R0,R4
    0000055E B038                   BSR         L256
    00000560 0009                   NOP
    00000562              L393:                             
    00000562              L377:                             
    00000562              L375:                             
    00000562              L374:                             
                          ; File comm.c    , Line 315      ; return
    00000562 E056                   MOV         #86,R0
    00000564 00FD                   MOV.W       @(R0,R15),R0
    00000566 7F58                   ADD         #88,R15
    00000568 4F26                   LDS.L       @R15+,PR
    0000056A 000B                   RTS
    0000056C 0009                   NOP




SH SERIES C/C++ Compiler (Ver. 5.1A)                                                                 27-Aug-2003 13:54:33  PAGE   17


SCT OFFSET   CODE       C LABEL     INSTRUCTION OPERAND    COMMENT

                          ; File comm.c    , Line 316      ; block
    0000056E              L394:                             
    0000056E 7F58                   ADD         #88,R15
    00000570 4F26                   LDS.L       @R15+,PR
    00000572 000B                   RTS
    00000574 0009                   NOP
    00000576              L413:                             
    00000576 00000002               .RES.W      1
    00000578 0C0FFFFF               .DATA.L     H'0C0FFFFF
    0000057C <00000000>             .DATA.L     _last_address
                          ; File comm.c    , Line 319      ; block
    00000580              _str_comp:                       ; function: str_comp
                                                           ; frame size=12
    00000580 7FF4                   ADD         #-12,R15
    00000582 1F42                   MOV.L       R4,@(8,R15)
    00000584 1F51                   MOV.L       R5,@(4,R15)
                          ; File comm.c    , Line 320      ; block
                          ; File comm.c    , Line 324      ; expression statement
    00000586 E301                   MOV         #1,R3
    00000588 2F31                   MOV.W       R3,@R15
                          ; File comm.c    , Line 325      ; expression statement
    0000058A E000                   MOV         #0,R0
    0000058C 81F1                   MOV.W       R0,@(2,R15)
                          ; File comm.c    , Line 326      ; while
    0000058E A00F                   BRA         L395
    00000590 0009                   NOP
    00000592              L396:                             
                          ; File comm.c    , Line 327      ; block
                          ; File comm.c    , Line 328      ; if
    00000592 85F1                   MOV.W       @(2,R15),R0
    00000594 53F2                   MOV.L       @(8,R15),R3
    00000596 023C                   MOV.B       @(R0,R3),R2
    00000598 622C                   EXTU.B      R2,R2
    0000059A 85F1                   MOV.W       @(2,R15),R0
    0000059C 51F1                   MOV.L       @(4,R15),R1
    0000059E 001C                   MOV.B       @(R0,R1),R0
    000005A0 600C                   EXTU.B      R0,R0
    000005A2 3200                   CMP/EQ      R0,R2
    000005A4 8901                   BT          L397
                          ; File comm.c    , Line 329      ; block
                          ; File comm.c    , Line 330      ; expression statement
    000005A6 E000                   MOV         #0,R0
    000005A8 2F01                   MOV.W       R0,@R15
    000005AA              L397:                             
                          ; File comm.c    , Line 332      ; expression statement
    000005AA 85F1                   MOV.W       @(2,R15),R0
    000005AC 7001                   ADD         #1,R0
    000005AE 81F1                   MOV.W       R0,@(2,R15)
    000005B0              L395:                             
    000005B0 85F1                   MOV.W       @(2,R15),R0
    000005B2 53F2                   MOV.L       @(8,R15),R3
    000005B4 023C                   MOV.B       @(R0,R3),R2
    000005B6 622C                   EXTU.B      R2,R2
    000005B8 2228                   TST         R2,R2
    000005BA 8903                   BT          L398
    000005BC 60F1                   MOV.W       @R15,R0
    000005BE 600D                   EXTU.W      R0,R0




SH SERIES C/C++ Compiler (Ver. 5.1A)                                                                 27-Aug-2003 13:54:33  PAGE   18


SCT OFFSET   CODE       C LABEL     INSTRUCTION OPERAND    COMMENT

    000005C0 8801                   CMP/EQ      #1,R0
    000005C2 89E6                   BT          L396
    000005C4              L398:                             
                          ; File comm.c    , Line 334      ; return
    000005C4 60F1                   MOV.W       @R15,R0
    000005C6 7F0C                   ADD         #12,R15
    000005C8 000B                   RTS
    000005CA 0009                   NOP
                          ; File comm.c    , Line 335      ; block
    000005CC              L399:                             
    000005CC 7F0C                   ADD         #12,R15
    000005CE 000B                   RTS
    000005D0 0009                   NOP
                          ; File comm.c    , Line 339      ; block
    000005D2              L256:                            ; function: send_data
                                                           ; frame size=8
    000005D2 4F22                   STS.L       PR,@-R15
    000005D4 7FFC                   ADD         #-4,R15
    000005D6 63F3                   MOV         R15,R3
    000005D8 7303                   ADD         #3,R3
    000005DA 2340                   MOV.B       R4,@R3
                          ; File comm.c    , Line 340      ; block
                          ; File comm.c    , Line 341      ; expression statement
    000005DC 84F3                   MOV.B       @(3,R15),R0
    000005DE 6503                   MOV         R0,R5
    000005E0 E400                   MOV         #0,R4
    000005E2 D303                   MOV.L       L414,R3    ; _set_send_data
    000005E4 430B                   JSR         @R3
    000005E6 0009                   NOP
                          ; File comm.c    , Line 342      ; block
    000005E8 7F04                   ADD         #4,R15
    000005EA 4F26                   LDS.L       @R15+,PR
    000005EC 000B                   RTS
    000005EE 0009                   NOP
    000005F0              L414:                             
    000005F0 <00000000>             .DATA.L     _set_send_data
C   00000000              _CmdString:                      ; static: CmdString
    00000000 <00000000>             .DATA.L     L248,L249,L250,L251
             <00000000>   
             <00000000>   
             <00000000>   
    00000010              L302:
    00000010 454E44                 .SDATA      "END"
    00000013 00                     .DATA.B     H'00
    00000014              L248:
    00000014 00                     .DATA.B     H'00
    00000015 00000001               .RES.B      1
    00000016 00000002               .RES.W      1
    00000018              L249:
    00000018 5752                   .SDATA      "WR"
    0000001A 00                     .DATA.B     H'00
    0000001B 00000001               .RES.B      1
    0000001C              L250:
    0000001C 444C                   .SDATA      "DL"
    0000001E 00                     .DATA.B     H'00
    0000001F 00000001               .RES.B      1
    00000020              L251:




SH SERIES C/C++ Compiler (Ver. 5.1A)                                                                 27-Aug-2003 13:54:33  PAGE   19


SCT OFFSET   CODE       C LABEL     INSTRUCTION OPERAND    COMMENT

    00000020 4257                   .SDATA      "BW"
    00000022 00                     .DATA.B     H'00
B   00000000              _cmd_buffer:                     ; static: cmd_buffer
    00000000 00000080               .RES.B      128
    00000080              _cmd_buffer_pointer:             ; static: cmd_buffer_pointer
    00000080 00000002               .RES.W      1
    00000082              _dl_buffer:                      ; static: dl_buffer
    00000082 00000080               .RES.B      128
    00000102              _dl_buffer_pointer:              ; static: dl_buffer_pointer
    00000102 00000002               .RES.W      1
    00000104              _comm_mode:                      ; static: comm_mode
    00000104 00000004               .RES.L      1
    00000108              _last_address:                   ; static: last_address
    00000108 00000004               .RES.L      1















































SH SERIES C/C++ Compiler (Ver. 5.1A)                                                                 27-Aug-2003 13:54:33  PAGE    1


******** STATISTICS INFORMATION ********


********** ERROR INFORMATION ***********

NUMBER OF ERRORS:           0
NUMBER OF WARNINGS:         0




******* SOURCE LINE INFORMATION ********

COMPILED SOURCE LINE:      342



******* SECTION SIZE INFORMATION *******

PROGRAM  SECTION (P):                               000005F4 Byte(s)
CONSTANT SECTION (C):                               00000023 Byte(s)
DATA     SECTION (D):                               00000000 Byte(s)
BSS      SECTION (B):                               0000010C Byte(s)

 TOTAL PROGRAM SIZE: 00000723 Byte(s)



********** LABEL INFORMATION ***********

NUMBER OF EXTERNAL REFERENCE SYMBOLS:            4
NUMBER OF EXTERNAL DEFINITION SYMBOLS:          10
NUMBER OF INTERNAL/EXTERNAL SYMBOLS:           101






























*** COMMAND PARAMETER ***


  /op=0 /cpu=SH3 /endian=b /define=_SHC3_ /show=ob,noso /list comm.c 

