SH SERIES C/C++ Compiler (Ver. 5.1A)                                                                 27-Aug-2003 13:54:32  PAGE    1

************ OBJECT LISTING ************

FILE NAME: inter.c

SCT OFFSET   CODE       C LABEL     INSTRUCTION OPERAND    COMMENT

P                         ; File inter.c   , Line 11       ; block
    00000000              _nmi:                            ; function: nmi
                                                           ; frame size=0
                          ; File inter.c   , Line 11       ; block
                          ; File inter.c   , Line 11       ; block
    00000000 000B                   RTS
    00000002 0009                   NOP
                          ; File inter.c   , Line 12       ; block
    00000004              _irl15:                          ; function: irl15
                                                           ; frame size=0
                          ; File inter.c   , Line 12       ; block
                          ; File inter.c   , Line 12       ; block
    00000004 000B                   RTS
    00000006 0009                   NOP
                          ; File inter.c   , Line 13       ; block
    00000008              _irl14:                          ; function: irl14
                                                           ; frame size=0
                          ; File inter.c   , Line 13       ; block
                          ; File inter.c   , Line 13       ; block
    00000008 000B                   RTS
    0000000A 0009                   NOP
                          ; File inter.c   , Line 14       ; block
    0000000C              _irl13:                          ; function: irl13
                                                           ; frame size=0
                          ; File inter.c   , Line 14       ; block
                          ; File inter.c   , Line 14       ; block
    0000000C 000B                   RTS
    0000000E 0009                   NOP
                          ; File inter.c   , Line 15       ; block
    00000010              _irl12:                          ; function: irl12
                                                           ; frame size=0
                          ; File inter.c   , Line 15       ; block
                          ; File inter.c   , Line 15       ; block
    00000010 000B                   RTS
    00000012 0009                   NOP
                          ; File inter.c   , Line 16       ; block
    00000014              _irl11:                          ; function: irl11
                                                           ; frame size=0
                          ; File inter.c   , Line 16       ; block
                          ; File inter.c   , Line 16       ; block
    00000014 000B                   RTS
    00000016 0009                   NOP
                          ; File inter.c   , Line 17       ; block
    00000018              _irl10:                          ; function: irl10
                                                           ; frame size=0
                          ; File inter.c   , Line 17       ; block
                          ; File inter.c   , Line 17       ; block
    00000018 000B                   RTS
    0000001A 0009                   NOP
                          ; File inter.c   , Line 18       ; block
    0000001C              _irl9:                           ; function: irl9
                                                           ; frame size=0
                          ; File inter.c   , Line 18       ; block
                          ; File inter.c   , Line 18       ; block




SH SERIES C/C++ Compiler (Ver. 5.1A)                                                                 27-Aug-2003 13:54:32  PAGE    2


SCT OFFSET   CODE       C LABEL     INSTRUCTION OPERAND    COMMENT

    0000001C 000B                   RTS
    0000001E 0009                   NOP
                          ; File inter.c   , Line 19       ; block
    00000020              _irl8:                           ; function: irl8
                                                           ; frame size=0
                          ; File inter.c   , Line 19       ; block
                          ; File inter.c   , Line 19       ; block
    00000020 000B                   RTS
    00000022 0009                   NOP
                          ; File inter.c   , Line 20       ; block
    00000024              _irl7:                           ; function: irl7
                                                           ; frame size=0
                          ; File inter.c   , Line 20       ; block
                          ; File inter.c   , Line 20       ; block
    00000024 000B                   RTS
    00000026 0009                   NOP
                          ; File inter.c   , Line 21       ; block
    00000028              _irl6:                           ; function: irl6
                                                           ; frame size=0
                          ; File inter.c   , Line 21       ; block
                          ; File inter.c   , Line 21       ; block
    00000028 000B                   RTS
    0000002A 0009                   NOP
                          ; File inter.c   , Line 22       ; block
    0000002C              _irl5:                           ; function: irl5
                                                           ; frame size=0
                          ; File inter.c   , Line 22       ; block
                          ; File inter.c   , Line 22       ; block
    0000002C 000B                   RTS
    0000002E 0009                   NOP
                          ; File inter.c   , Line 23       ; block
    00000030              _irl4:                           ; function: irl4
                                                           ; frame size=0
                          ; File inter.c   , Line 23       ; block
                          ; File inter.c   , Line 23       ; block
    00000030 000B                   RTS
    00000032 0009                   NOP
                          ; File inter.c   , Line 24       ; block
    00000034              _irl3:                           ; function: irl3
                                                           ; frame size=0
                          ; File inter.c   , Line 24       ; block
                          ; File inter.c   , Line 24       ; block
    00000034 000B                   RTS
    00000036 0009                   NOP
                          ; File inter.c   , Line 25       ; block
    00000038              _irl2:                           ; function: irl2
                                                           ; frame size=0
                          ; File inter.c   , Line 25       ; block
                          ; File inter.c   , Line 25       ; block
    00000038 000B                   RTS
    0000003A 0009                   NOP
                          ; File inter.c   , Line 26       ; block
    0000003C              _irl1:                           ; function: irl1
                                                           ; frame size=0
                          ; File inter.c   , Line 26       ; block
                          ; File inter.c   , Line 26       ; block
    0000003C 000B                   RTS




SH SERIES C/C++ Compiler (Ver. 5.1A)                                                                 27-Aug-2003 13:54:32  PAGE    3


SCT OFFSET   CODE       C LABEL     INSTRUCTION OPERAND    COMMENT

    0000003E 0009                   NOP
                          ; File inter.c   , Line 28       ; block
    00000040              _tuni0:                          ; function: tuni0
                                                           ; frame size=0
                          ; File inter.c   , Line 28       ; block
                          ; File inter.c   , Line 28       ; block
    00000040 000B                   RTS
    00000042 0009                   NOP
                          ; File inter.c   , Line 29       ; block
    00000044              _tuni1:                          ; function: tuni1
                                                           ; frame size=0
                          ; File inter.c   , Line 29       ; block
                          ; File inter.c   , Line 29       ; block
    00000044 000B                   RTS
    00000046 0009                   NOP
                          ; File inter.c   , Line 30       ; block
    00000048              _tuni2:                          ; function: tuni2
                                                           ; frame size=0
                          ; File inter.c   , Line 30       ; block
                          ; File inter.c   , Line 30       ; block
    00000048 000B                   RTS
    0000004A 0009                   NOP
                          ; File inter.c   , Line 31       ; block
    0000004C              _ticpi2:                         ; function: ticpi2
                                                           ; frame size=0
                          ; File inter.c   , Line 31       ; block
                          ; File inter.c   , Line 31       ; block
    0000004C 000B                   RTS
    0000004E 0009                   NOP
                          ; File inter.c   , Line 32       ; block
    00000050              _ati:                            ; function: ati
                                                           ; frame size=0
                          ; File inter.c   , Line 32       ; block
                          ; File inter.c   , Line 32       ; block
    00000050 000B                   RTS
    00000052 0009                   NOP
                          ; File inter.c   , Line 33       ; block
    00000054              _pri:                            ; function: pri
                                                           ; frame size=0
                          ; File inter.c   , Line 33       ; block
                          ; File inter.c   , Line 33       ; block
    00000054 000B                   RTS
    00000056 0009                   NOP
                          ; File inter.c   , Line 34       ; block
    00000058              _cui:                            ; function: cui
                                                           ; frame size=0
                          ; File inter.c   , Line 34       ; block
                          ; File inter.c   , Line 34       ; block
    00000058 000B                   RTS
    0000005A 0009                   NOP
                          ; File inter.c   , Line 35       ; block
    0000005C              _eri:                            ; function: eri
                                                           ; frame size=0
                          ; File inter.c   , Line 35       ; block
                          ; File inter.c   , Line 35       ; block
    0000005C 000B                   RTS
    0000005E 0009                   NOP




SH SERIES C/C++ Compiler (Ver. 5.1A)                                                                 27-Aug-2003 13:54:32  PAGE    4


SCT OFFSET   CODE       C LABEL     INSTRUCTION OPERAND    COMMENT

                          ; File inter.c   , Line 36       ; block
    00000060              _rxi:                            ; function: rxi
                                                           ; frame size=0
                          ; File inter.c   , Line 36       ; block
                          ; File inter.c   , Line 36       ; block
    00000060 000B                   RTS
    00000062 0009                   NOP
                          ; File inter.c   , Line 37       ; block
    00000064              _txi:                            ; function: txi
                                                           ; frame size=0
                          ; File inter.c   , Line 37       ; block
                          ; File inter.c   , Line 37       ; block
    00000064 000B                   RTS
    00000066 0009                   NOP
                          ; File inter.c   , Line 38       ; block
    00000068              _tei:                            ; function: tei
                                                           ; frame size=0
                          ; File inter.c   , Line 38       ; block
                          ; File inter.c   , Line 38       ; block
    00000068 000B                   RTS
    0000006A 0009                   NOP
                          ; File inter.c   , Line 39       ; block
    0000006C              _iti:                            ; function: iti
                                                           ; frame size=0
                          ; File inter.c   , Line 39       ; block
                          ; File inter.c   , Line 39       ; block
    0000006C 000B                   RTS
    0000006E 0009                   NOP
                          ; File inter.c   , Line 40       ; block
    00000070              _rcmi:                           ; function: rcmi
                                                           ; frame size=0
                          ; File inter.c   , Line 40       ; block
                          ; File inter.c   , Line 40       ; block
    00000070 000B                   RTS
    00000072 0009                   NOP
                          ; File inter.c   , Line 41       ; block
    00000074              _rovi:                           ; function: rovi
                                                           ; frame size=0
                          ; File inter.c   , Line 41       ; block
                          ; File inter.c   , Line 41       ; block
    00000074 000B                   RTS
    00000076 0009                   NOP
                          ; File inter.c   , Line 42       ; block
    00000078              _irq4:                           ; function: irq4
                                                           ; frame size=0
                          ; File inter.c   , Line 42       ; block
                          ; File inter.c   , Line 42       ; block
    00000078 000B                   RTS
    0000007A 0009                   NOP
                          ; File inter.c   , Line 43       ; block
    0000007C              _irq5:                           ; function: irq5
                                                           ; frame size=0
                          ; File inter.c   , Line 43       ; block
                          ; File inter.c   , Line 43       ; block
    0000007C 000B                   RTS
    0000007E 0009                   NOP
                          ; File inter.c   , Line 44       ; block




SH SERIES C/C++ Compiler (Ver. 5.1A)                                                                 27-Aug-2003 13:54:32  PAGE    5


SCT OFFSET   CODE       C LABEL     INSTRUCTION OPERAND    COMMENT

    00000080              _pint0:                          ; function: pint0
                                                           ; frame size=0
                          ; File inter.c   , Line 44       ; block
                          ; File inter.c   , Line 44       ; block
    00000080 000B                   RTS
    00000082 0009                   NOP
                          ; File inter.c   , Line 45       ; block
    00000084              _pint8:                          ; function: pint8
                                                           ; frame size=0
                          ; File inter.c   , Line 45       ; block
                          ; File inter.c   , Line 45       ; block
    00000084 000B                   RTS
    00000086 0009                   NOP
                          ; File inter.c   , Line 46       ; block
    00000088              _dei0:                           ; function: dei0
                                                           ; frame size=0
                          ; File inter.c   , Line 46       ; block
                          ; File inter.c   , Line 46       ; block
    00000088 000B                   RTS
    0000008A 0009                   NOP
                          ; File inter.c   , Line 47       ; block
    0000008C              _dei1:                           ; function: dei1
                                                           ; frame size=0
                          ; File inter.c   , Line 47       ; block
                          ; File inter.c   , Line 47       ; block
    0000008C 000B                   RTS
    0000008E 0009                   NOP
                          ; File inter.c   , Line 48       ; block
    00000090              _dei2:                           ; function: dei2
                                                           ; frame size=0
                          ; File inter.c   , Line 48       ; block
                          ; File inter.c   , Line 48       ; block
    00000090 000B                   RTS
    00000092 0009                   NOP
                          ; File inter.c   , Line 49       ; block
    00000094              _dei3:                           ; function: dei3
                                                           ; frame size=0
                          ; File inter.c   , Line 49       ; block
                          ; File inter.c   , Line 49       ; block
    00000094 000B                   RTS
    00000096 0009                   NOP
                          ; File inter.c   , Line 50       ; block
    00000098              _eri1:                           ; function: eri1
                                                           ; frame size=0
                          ; File inter.c   , Line 50       ; block
                          ; File inter.c   , Line 50       ; block
    00000098 000B                   RTS
    0000009A 0009                   NOP
                          ; File inter.c   , Line 51       ; block
    0000009C              _rxi1:                           ; function: rxi1
                                                           ; frame size=0
                          ; File inter.c   , Line 51       ; block
                          ; File inter.c   , Line 51       ; block
    0000009C 000B                   RTS
    0000009E 0009                   NOP
                          ; File inter.c   , Line 52       ; block
    000000A0              _bri1:                           ; function: bri1




SH SERIES C/C++ Compiler (Ver. 5.1A)                                                                 27-Aug-2003 13:54:32  PAGE    6


SCT OFFSET   CODE       C LABEL     INSTRUCTION OPERAND    COMMENT

                                                           ; frame size=0
                          ; File inter.c   , Line 52       ; block
                          ; File inter.c   , Line 52       ; block
    000000A0 000B                   RTS
    000000A2 0009                   NOP
                          ; File inter.c   , Line 53       ; block
    000000A4              _txi1:                           ; function: txi1
                                                           ; frame size=0
                          ; File inter.c   , Line 53       ; block
                          ; File inter.c   , Line 53       ; block
    000000A4 000B                   RTS
    000000A6 0009                   NOP
                          ; File inter.c   , Line 60       ; block
    000000A8              _adi:                            ; function: adi
                                                           ; frame size=0
                          ; File inter.c   , Line 60       ; block
                          ; File inter.c   , Line 60       ; block
    000000A8 000B                   RTS
    000000AA 0009                   NOP










































SH SERIES C/C++ Compiler (Ver. 5.1A)                                                                 27-Aug-2003 13:54:32  PAGE    1


******** STATISTICS INFORMATION ********


********** ERROR INFORMATION ***********

NUMBER OF ERRORS:           0
NUMBER OF WARNINGS:         0




******* SOURCE LINE INFORMATION ********

COMPILED SOURCE LINE:       61



******* SECTION SIZE INFORMATION *******

PROGRAM  SECTION (P):                               000000AC Byte(s)
CONSTANT SECTION (C):                               00000000 Byte(s)
DATA     SECTION (D):                               00000000 Byte(s)
BSS      SECTION (B):                               00000000 Byte(s)

 TOTAL PROGRAM SIZE: 000000AC Byte(s)



********** LABEL INFORMATION ***********

NUMBER OF EXTERNAL REFERENCE SYMBOLS:            0
NUMBER OF EXTERNAL DEFINITION SYMBOLS:          43
NUMBER OF INTERNAL/EXTERNAL SYMBOLS:            43






























*** COMMAND PARAMETER ***


  /op=0 /cpu=SH3 /endian=b /define=_SHC3_ /show=ob,noso /list inter.c 

