C51 COMPILER V8.12   NVTDEBUG                                                              11/09/2015 19:43:41 PAGE 1   


C51 COMPILER V8.12, COMPILATION OF MODULE NVTDEBUG
OBJECT MODULE PLACED IN .\BIN\NVTDebug.obj
COMPILER INVOKED BY: C:\Keil\C51\BIN\C51.EXE SRC\NVTDebug.c LARGE OPTIMIZE(9,SPEED) BROWSE DEFINE(PanelID=INL_190AW01,Mo
                    -delName=QL19W,BF_MOVING_WINDOW) DEBUG OBJECTEXTEND PRINT(.\LST\NVTDebug.lst) OBJECT(.\BIN\NVTDebug.obj)

line level    source

   1          #include "NVTDebug.h"
   2          #include "scaler.h"
   3          #include "NVRAM.H"
   4          #include "NT686xx_MCU_REG.H"
   5          #include "8051.H"
   6          
   7          #ifdef NVT_HW_DEBUG
   8          xdata unsigned char IsNVTDebugActive;
   9          
  10          unsigned char NVTHWDebug(unsigned char *pCmd, unsigned char *pOut)
  11          {
  12   1              unsigned short addr;
  13   1              unsigned char  value;
  14   1              
  15   1              if (pCmd[3] != 0xFE) return 0;
  16   1              
  17   1              addr = pCmd[5];
  18   1              addr <<= 8;
  19   1              addr |= pCmd[6];
  20   1      
  21   1              if ((pCmd[4] == NVT_RD_SCALER) || (pCmd[4] == NVT_RD_EEPROM)){
  22   2                      if (pCmd[4] == NVT_RD_SCALER)
  23   2                              value = ReadIIC560(addr);
  24   2                      else if (pCmd[4] == NVT_RD_EEPROM)
  25   2                              value = Read24C16(addr);
  26   2                      
  27   2                      pOut[0] = 0x6e;
  28   2                      pOut[1] = 0x88;
  29   2                      pOut[2] = 0x02;
  30   2                      pOut[3] = 0x00;
  31   2                      pOut[4] = 0xFE;
  32   2                      pOut[5] = 0x00;
  33   2                      pOut[6] = pCmd[4];
  34   2                      pOut[7] = pCmd[5];
  35   2                      pOut[8] = pCmd[6];
  36   2                      pOut[9] = value;
  37   2                      //printf("DEBUG READ: 0x%04X-0x%02X\n\r", (unsigned short)pCmd[6], value);
  38   2                      IsNVTDebugActive = 1;
  39   2                      IIC0_INT_EN &= ~INTE1;
  40   2                      return 10;
  41   2              }
  42   1              else if(pCmd[4] == NVT_WR_SCALER){
  43   2                      WriteIIC560(addr,pCmd[7]);
  44   2                      //printf("SCALER WR:0x%04X DATA:0x%02X\n\r", addr, (unsigned short)pCmd[7]);    
  45   2              }
  46   1              else if(pCmd[4] == NVT_WR_EEPROM){
  47   2                      Write24C16(addr,pCmd[7]);
  48   2                      //printf("EEPROM WR:0x%04X DATA:0x%02X\n\r", addr, (unsigned short)pCmd[10]);   
  49   2              }
  50   1              else if(pCmd[4] == NVT_WR_IIC){
  51   2              }
  52   1              else return 0;
  53   1              
  54   1              IsNVTDebugActive = 1;
C51 COMPILER V8.12   NVTDEBUG                                                              11/09/2015 19:43:41 PAGE 2   

  55   1              IIC0_INT_EN &= ~INTE1;
  56   1              return 1;
  57   1      }
  58          #endif


MODULE INFORMATION:   STATIC OVERLAYABLE
   CODE SIZE        =    358    ----
   CONSTANT SIZE    =   ----    ----
   XDATA SIZE       =      1       9
   PDATA SIZE       =   ----    ----
   DATA SIZE        =   ----    ----
   IDATA SIZE       =   ----    ----
   BIT SIZE         =   ----    ----
END OF MODULE INFORMATION.


C51 COMPILATION COMPLETE.  0 WARNING(S),  0 ERROR(S)
