C51 COMPILER V8.12   ROM_MAP                                                               11/09/2015 19:43:42 PAGE 1   


C51 COMPILER V8.12, COMPILATION OF MODULE ROM_MAP
OBJECT MODULE PLACED IN .\BIN\Rom_map.obj
COMPILER INVOKED BY: C:\Keil\C51\BIN\C51.EXE SRC\Rom_map.c LARGE OPTIMIZE(9,SPEED) BROWSE DEFINE(PanelID=INL_190AW01,Mod
                    -elName=QL19W,BF_MOVING_WINDOW) DEBUG OBJECTEXTEND PRINT(.\LST\Rom_map.lst) OBJECT(.\BIN\Rom_map.obj)

line level    source

   1          // 0x000 ... 0x07f ==>mode independent settings
   2          // 0x080 ... 0x0cf ==>h_sync,hv_pol,v_sync (5 * 16 = 80 total 16 new mode)   !!!???
   3          // 0x0d0 ... 0x0ef ==>VTotal (2 * 16 = 32 total 16 new mode)
   4          // 0x0f0 ... 0x0ff ==>
   5          // 0x100 ... 0x41f ==>lcd timing (8 x 100 = 800 total 100 mode)
   6          // 0x420 ... 0x46f ==>
   7          // 0x470 ... 0x4cf ==>ture color
   8          // 0x4d0 ... 0x597 ==>HTotal for 50% (2 x 100 = 200 total 100 mode)
   9          // 0x598 ... 0x5ff ==>
  10          // 0x600 ... 0x720 ==>HDCP key
  11          // 0x721 ... 0x7fd ==>
  12          // 0x7fe ... 0x7ff ==>ture color CK
  13          
  14          #include "ram.H"
  15          #include "BFControl.H"
  16          #include "Rom_map.H"
  17          #include "panel.H"
  18          #include "smartbright.H"
  19          
  20          
  21          code _Monitor_Timing_ EEPROM_TimingTable[] = {
  22          
  23          //HStart,HTotal,VStart,HFreq,VFreq,VTotal,SyncPolarity,Resolution
  24                  {47,900,31,315,701,449,HnVp,R720x400,12},               //0  720x400  (70Hz)
  25                  {41,800,57,315,701,449,HpVn,R640x350,12},               //1  640x350  (70Hz)
  26                  {41,800,30,315,599,525,HnVn,R640x480,12},               //2  640x480  (60Hz)
  27          //      {90,864,39,350,667,525,HpVn,R640x480,12},               //3  640x480  (66Hz)    MAC II
  28                  {89,864,36,350,667,525,HnVn,R640x480,12},               //3  640x480  (66Hz)    MAC II
  29                  {121,832,25,379,728,520,HnVn,R640x480,12},              //4  640x480  (72Hz)
  30                  {113,840,13,375,750,500,HnVn,R640x480,12},              //5  640x480  (75Hz)
  31                  {73,832,22,433,850,509,HnVn,R640x480,12},               //6  640x480  (85Hz)
  32                  {121,1024,19,352,563,625,HpVp,R800x600,12},             //7  800x600  (56Hz)
  33                  {81,1056,20,379,603,628,HpVp,R800x600,12},              //8 800x600  (60Hz)
  34                  {56,1040,20,481,722,666,HpVp,R800x600,12},              //9 800x600  (72Hz)
  35                  {153,1056,18,469,750,625,HpVp,R800x600,12},             //10 800x600  (75Hz)
  36                  {140,1048,24,537,850,631,HpVp,R800x600,12},             //11 800x600  (85Hz) *
  37                  {214,1152,36,497,745,667,HnVn,R832x624,12},             //12 832x624  (74.5Hz)  MAC II
  38                  {150,1344,26,483,600,806,HnVn,R1024x768,12},    //13 1024x768 (60Hz)
  39                  {133,1328,26,565,701,806,HnVn,R1024x768,12},    //14 1024x768 (70Hz)
  40                  {165,1312,25,600,750,800,HpVp,R1024x768,8},             //15 1024x768 (75Hz)
  41                  {168,1360,31,611,760,803,HpVp,R1024x768,12},    //16 1024x768 (76Hz) *
  42          //      {50,1408,27,611,760,806,HpVp,R1024x768,12},             //16 1024x768 (76Hz) *TPV
  43                  {194,1376,33,687,850,808,HpVp,R1024x768,12},    //17 1024x768 (85Hz) *
  44                  {108,1480,24,540,600,900,HpVp,R1152x864,12},    //18 1152x864 (60Hz)    non-VESA *
  45                  {105,1480,44,639,700,912,HpVp,R1152x864,12},    //19 1152x864 (70Hz)    non-VESA *
  46                  {237,1600,29,674,750,900,HpVp,R1152x864,12},    //20 1152x864 (75Hz)                            //{232,1600,32,675,750,900,3,6,19},     
             -for distinguish with no.23
  47                  {133,1456,36,687,750,916,HnVn,R1152x870,12},    //21 1152x870 (75Hz)    MAC II?
  48                  {208,1528,31,618,660,937,HnVn,R1152x900,12},    //22 1152x900 (66Hz)    SUN mode IV
  49                  {175,1504,30,717,760,943,HnVn,R1152x900,6},             //23 1152x900 (76Hz)    SUN mode II     //~1440x900(75)
  50                  {294,1800,33,600,600,1000,HpVp,R1280x960,12},   //24 1280x960 (60Hz)
  51          //      {206,1728,33,750,750,1002,HpVp,R1280x960,12},   //25 1280x960 (75Hz)    non-VESA?                               // -jwshin 120525
  52                  {200,1680, 23, 527, 498,1057,HnVp,R1280x1024,12},       //25 1280x1024 (50Hz)                   // +jwshin 120525
  53                  {231,1688,35,640,600,1066,HpVp,R1280x1024,12},  //26 1280x1024(60Hz)            // BEST_RESULT
C51 COMPILER V8.12   ROM_MAP                                                               11/09/2015 19:43:42 PAGE 2   

  54                  {224,1632,33,717,672,1067,HpVp,R1280x1024,12},  //27 1280x1024(67Hz)    SUN mode V
  55                  {248,1712,38,760,720,1064,HpVp,R1280x1024,12},  //28 1280x1024(72Hz)    DOS/V    *
  56                  {231,1688,35,800,750,1066,HpVp,R1280x1024,6},   //29 1280x1024(75Hz)
  57                  {288,1664,32,811,761,1066,HnVn,R1280x1024,6},   //30 1280x1024(76Hz)    SUN mode I
  58                  {224,1728,44,911,850,1072,HpVp,R1280x1024,12},  //31 1280x1024(85Hz)
  59                  {181,1664,17,447,599,746,HnVp,R1280x720,12},    //32 1280x720 (60Hz)  960X720  (60Hz) 720p 74.25MHz
  60                  {195,1696,24,564,750,752,HnVp,R1280x720,12},    //33 1280x720 (75Hz)  960X720  (75Hz)
  61                  {304,2160,46,750,600,1250,HpVp,R1600x1200,5},   //34 1600x1200(60Hz)
  62                  {60,864,36,313,500,625,HnVn,R720x576,12},               //35 720x576(50Hz) 576p
  63                  {99,912,15,360,600,600,HnVn,R720x576,12},               //36 720x576(60Hz) *
  64                  {72,2080,21,666,599,1111,HpVn,R1920x1080,10},   //37 1920x1080-R(60Hz)
  65                  {72,2080,24,740,600,1235,HpVn,R1920x1200,12},   //38 1920x1200-R(60Hz)
  66                  
  67                  
  68                  {80,1440,12,474,600,790,HpVn,R1280x768,12},             //39 1280x768-R (60)
  69                  {192,1664,20,478,599,798,HnVp,R1280x768,12},    //40 1280x768 (60)
  70                  {197,1696,25,565,701,806,HnVp,R1280x768,12},    //41 1280x768 (70Hz)
  71                  {197,1696,26,577,721,800,HnVn,R1280x768,12},    //42 1280x768 (72Hz)
  72                  {208,1696,27,603,749,805,HnVp,R1280x768,12},    //43 1280x768 (75)
  73                  {256,1792,18,477,600,795,HpVp,R1360x768,12},    //44 1360x768 (60)
  74                  {69,1600,14,555,599,926,HpVn,R1440x900,12},             //45 1440x900-R (60)
  75                  {226,1904,25,559,599,934,HnVp,R1440x900,12},    //46 1440x900 (60)
  76                  {240,1936,31,706,750,942,HnVp,R1440x900,10},    //47 1440x900 (75 )
  77                  {280,2240,30,653,600,1089,HnVp,R1680x1050,12},  //48 1680x1050(60Hz)
  78                  {80,1840,21,647,599,1080,HpVn,R1680x1050,12},   //49 1680x1050(60Hz-R)  
  79                  //{258,2128,26,621,600,1038,HpVp,R1600x1000,12},//50 1600x1000 (60)
  80                  {72,1760,17,616,600,1029,HpVn,R1600x1000,12},   //50 1600x1000 (60)     TPV
  81                  {181,2200,12,337,600,562,HpVp,R1920x1080,12},   //51 1080i30 & 1080i29.97
  82                  
  83                  {240,1896,39,823,749,1099,HnVp,R1400x1050,12},  //52 1400x1050 (75)
  84                  {248,1912,45,939,850,1105,HnVp,R1400x1050,12},  //53 1400x1050 (85)
  85                  {192,1728,55,781,720,1085,HpVp,R1280x1024,12},  //54 1280x1024(72Hz)    HITA     *
  86          
  87                  {208,1696,26,525,700,750,HnVp,R1280x720,12},    //55 1280x720 (70Hz)
  88          
  89                  {296,2272,40,823,749,1099,HnVn,R1680x1050,12},  //56 1680x1050(75Hz)    //      ADD NEW TIMING 2005-12-9 jerry
  90                  {312,2150,33,787,757,1040,HpVp,R1600x1000,12},  //57 1600x1000(76Hz)    //      ADD NEW TIMING 2005-12-9 jerry
  91          
  92                  {200,1680,24,502,600,828,HnVp,R1280x800,12},    //58 1280x800 (60Hz)
  93                  {208,1696,29,583,700,833,HnVp,R1280x800,12},    //59 1280x800 (70Hz)
  94                  {216,1712,30,600,720,834,HnVp,R1280x800,12},    //60 1280x800 (72Hz)
  95                  {216,1712,31,626,750,835,HnVp,R1280x800,12},    //61 1280x800 (75Hz)
  96          
  97                  {268,1980,32,375,500,750,HpVp,R1280x720, 12},   //62 1280x720 (50Hz) 720p 74.25MHz
  98                  {213,2640,24,281,500,562,HpVp,R1920x1080,12},   //63 1920x1080 (50Hz)1080i 74.25MHz
  99                  {213,2200,24,338,600,562,HpVp,R1920x1080,12},   //64 1920x1080 (60Hz)1080i 74.25MHz
 100                  {148,2640,36,563,500,1125,HpVp,R1920x1080,12},  //65 1920x1080(50Hz) 1080p 148.5MHz
 101                  {148,2200,36,675,600,1125,HpVp,R1920x1080,10},  //66 1920x1080(60Hz) 1080p 148.5MHz
 102          
 103                  //{72,1560,20,647,599,1080,HpVn,R1400x1050,12}, //53 1400x1050 (60R)
 104                  //{224,1864,29,653,600,1089,HnVp,R1400x1050,7}, //51 1400x1050 (60)
 105                  //{54, 900,33,315,600,525,HnVn,31,19},                          //34 720x480(60Hz)
 106                  //{180,1664,12,448,599,748,HnVn,12,19},                 //35 1280x720(60Hz)
 107                  //{137,1288,22,447,600,746,HnVp,R960x720,12},           //51 960x720 (60Hz)
 108                  //{149,1284,28,564,750,752,HnVp,R960x720,12},           //52 960x720 (75Hz)
 109          };
 110          
 111          code unsigned char MCU_DataMap[]={
 112                  0xff,   //0x00 = eeprom empty
 113                  0xff,   //0x01 = eeprom empty
 114                  0xff,   //0x02 = F/W version
 115                  0xff,   //0x03 = F/W reversion
C51 COMPILER V8.12   ROM_MAP                                                               11/09/2015 19:43:42 PAGE 3   

 116                  0x80,   //0x04 = Power Status
 117                  0x00,   //0x05 = osd lock
 118                  0x00,   //0x06 = OSD Language
 119                  20,             //0x07 = OSD timer
 120                  //MAX_BRIGHTNESS,                               //0x08 = brightness
 121                  40,                                                                     // +jwshin 130306               for LED Panel
 122                  MID_CONTRAST,                           //0x09 = contrast
 123                  0x00,                           // = user mode start point
 124                  1,                                      // = EPADDR_RSO_NOTF
 125                  0x00,                           // = Input Source
 126                  0x01,                           // = Burn-in mode
 127                  0x32,                           // = OSD position x
 128                  0x32,                           // = OSD position y
 129                  
 130                  DEF_BLACKLEVEL,         // 0x10= EPADDR_SCALER_OFFSET
 131          
 132                  //COLOR_6500,           // = color temperature select
 133                  7,                      // +jwshin 120405
 134                  0x00,                   // = POT byte 0
 135                  0x00,                   // = POT byte 1
 136          #if 0   
                      DEF_PANELIDX,           
              #else
 139                  3,
 140          #endif  
 141                  0x00,                   // =    ucPanelID               // reserved for Panel ID
 142                  MAX_BRIGHTNESS,
 143                  MIN_BRIGHTNESS,
 144                  MAX_CONTRAST,
 145                  MID_CONTRAST,
 146                  MIN_CONTRAST,
 147                  MAX_BRIGHTNESS,         // =    Brightness set in Factory
 148                  MID_CONTRAST,           // = Contrast set in Factory
 149          #if _SmartBright_==ON
                      0x00,                                                           // = EPADDR_SMARTBRIGHT
                      (unsigned char)(DefaultBrightOffset>>8),        // = EPADDR_BRIGHTOFFSET_HI
                      (unsigned char)DefaultBrightOffset,             // = EPADDR_BRIGHTOFFSET_LO
              #else
 154                  0x3c,                           //EPADDR_VOLUME
 155                  0x00,                           //EPADDR_STANDALONE
 156                  0x00,                           //EPADDR_MUTE
 157          #endif  
 158          
 159                  0x80,                                   // 0x20= EPADDR_RBKOFFSET
 160                  0x80,                                   // = EPADDR_GBKOFFSET
 161                  0x80,                                   // = EPADDR_BBKOFFSET
 162                  0x00,                                   // = Offset Down
 163                  0x00,                                   // = POT_5M
 164                  0x00,                                   // = EPADDR_TRANSPARENCY
 165                  0x01,                                   // = EPADDR_DDCCI       
 166                  0x00,                                   //      EPADDR_GAMMA_ONOFF
 167                  0x00,                                   // = EPADDR_HWLOCK
 168                  0x00,                                   // = LF Current Brightness
 169                  0x00,                                   // = LF Current Contrast
 170                  0x00,                                   // = LF Current Color Temp.
 171                  LF_MODE_OFF,                    // = DVI LightFrame Mode
 172                  LF_MODE_OFF,                    // = DSub LightFrame Mode
 173                  MAX_BRIGHTNESS, //0xFF, // = LightFrame Custom Mode - Luminance
 174                  MID_CONTRAST,   //0x80, // = LightFrame Custom Mode - Contrast Gap
 175                  
 176                  0x80,                                   // 0x30= LightFrame Custom Mode - Color Boost
 177                  0x00,                                   // = LightFrame Custom Mode - Sharpness
C51 COMPILER V8.12   ROM_MAP                                                               11/09/2015 19:43:42 PAGE 4   

 178                  LF_ACC_OFF,                             // = LightFrame Custom Mode - ACC
 179                  0x00,                                   // = LightFrame Custom Mode - Text Enhancement
 180                  BF_ACC_OFF,                             // = BF Mode
 181                  BF_FTMODE_OFF,                  // = BF Flesh Tone mode
 182                  0x00,                                   // = BF Flesh Tone : Flesh tone
 183                  0x80,                                   // = BF Flesh Tone : Green 
 184                  0x80,                                   // = BF Flesh Tone : Blue
 185                  0x00,                                   // = OD Mode
 186                  0x00,                                   // = OD On/Off
 187                  0x00,                                   // = LF Demo On/Off
 188                  0x00,                                   //      EPADDR_DYNAMIC_BKMODE
 189                  
 190                  0x01,                                   //EPADDR_BUTTON_STATUS                                          +jwshin 120223                          0이면, B Select 1이면 A Select...
 191                  0x00,                                   //EPADDR_RGB_SW1                                                        +jwshin 120223                          
 192                  0x00,                                   //EPADDR_SMART_CONTRAST
 193          
 194                  //----------- NOT INIT EEPROM FROM HERE -------------//
 195                  
 196                  //MAX_BRIGHTNESS,       //0x40 = EPADDR_BRIGHT_USER
 197                  50,     // +jwshin 130306 for LED Panel
 198                  70,//MID_CONTRAST,      //0x     = contrast user                                // +jwshin 120229 Contrast 수정...
 199                  50,     //0x     = Saturation
 200                  50,     //0x     = Tint
 201                  0x64,   //0x     = brightness/Inverter sRGB
 202                  0x32,   //0x     = contrast sRGB
 203                  0x64,   //0x     = brightness/Inverter 9300K
 204                  0x32,   //0x     = contrast 9300K
 205                  255,            //0x     = r gain user
 206                  255,            //0x     = g gain user
 207                  255,            //0x     = b gain user
 208                  255,            //0x     = r gain 6500K
 209                  255,            //0x     = g gain 6500K
 210                  240,            //0x     = b gain 6500K
 211                  255,            //0x     = r gain sRGB
 212                  255,            //0x     = g gain sRGB
 213                  240,            //0x50   = b gain sRGB
 214                  240,            //0x     = r gain 9300K
 215                  255,            //0x     = g gain 9300K
 216                  255,            //0x     = b gain 9300K
 217                  0x8b,   //0x     = ADC r offset
 218                  0x6f,   //0x     = ADC g offset
 219                  0x80,   //0x     = ADC b offset
 220                  0x93,   //0x     = ADC r gain
 221                  0x97,   //0x     = ADC g gain
 222                  0x94,   //0x     = ADC b gain
 223                  0x00,   //0x5a = FGA done(perfectune)
 224                  0x01,   //0x5b = EPADDR_TD_ACMODE
 225                  0x00,   //0x5c = EPADDR_TD_TIMEOUT
 226                  0x00,   //0x5d = EPADDR_TD_PINCODEL1
 227                  0x00,   //0x5e = EPADDR_TD_PINCODEL2
 228                  0x00,   //0x5f = EPADDR_TD_PINCODEH1
 229                  0x00,   //0x60 = EPADDR_TD_PINCODEH2,//0x60
 230                  0x00,   //0x61 = EPADDR_TD_STATE,
 231                  
 232                  'd',//C         //0x62  EPADDR_SN0
 233                  'n',//S
 234                  'p',
 235                  's',
 236                  'y',
 237                  's',
 238                  '.',
 239                  'c',
C51 COMPILER V8.12   ROM_MAP                                                               11/09/2015 19:43:42 PAGE 5   

 240                  'o',
 241                  '.',
 242                  'k',
 243                  'r',
 244                  ' ',
 245                  PanelMin_Gain,
 246                  255,//0x70
 247                  255,
 248                  200,
 249                  255,
 250                  255,
 251                  255,
 252                  248,
 253                  255,
 254                  255,
 255                  200,
 256                  255,
 257                  255
 258          
 259          };
 260          
 261          
 262          #if ModelName == H190B8
              #define MODEL_SIZE      0x39
              #define MODEL_CH        0x42
              #define CRC                     0x6F
              #elif ModelName == H190C8
              #define MODEL_SIZE      0x39
              #define MODEL_CH        0x43
              #define CRC                     0x6E
              #elif ModelName == H190P8
              #define MODEL_SIZE      0x39
              #define MODEL_CH        0x50
              #elif ModelName == H190S8
              #define MODEL_SIZE      0x39
              #define MODEL_CH        0x53
              #elif ModelName == H170A8
              #define MODEL_SIZE      0x37
              #define MODEL_CH        0x41
              #elif ModelName == H170C8
              #define MODEL_SIZE      0x37
              #define MODEL_CH        0x43
              #elif ModelName == H170P8
              #define MODEL_SIZE      0x37
              #define MODEL_CH        0x50
              #elif ModelName == H170S8
              #define MODEL_SIZE      0x37
              #define MODEL_CH        0x53
              #else
 289          #define MODEL_SIZE      0x39
 290          #define MODEL_CH        0x42
 291          #endif
 292          
 293          
 294          code unsigned char _Default_Analog_EDID[]={
 295          0x00,0xFF,0xFF,0xFF,0xFF,0xFF,0xFF,0x00,0x41,0x0C,0x5A,0x08,0x01,0x01,0x01,0x01,
 296          0x0D,0x11,0x01,0x03,0x0E,0x26,0x1E,0x78,0x2E,0xA1,0x50,0xA3,0x57,0x4C,0x9D,0x25,
 297          0x11,0x50,0x54,0xBF,0xEF,0x80,0x71,0x4F,0x81,0x40,0x81,0x80,0x01,0x01,0x01,0x01,
 298          0x01,0x01,0x01,0x01,0x01,0x01,0x30,0x2A,0x00,0x98,0x51,0x00,0x2A,0x40,0x30,0x70,
 299          0x13,0x00,0x78,0x2D,0x11,0x00,0x00,0x1E,0x00,0x00,0x00,0xFF,0x00,0x33,0x31,0x32,
 300          0x31,0x32,0x32,0x31,0x33,0x32,0x33,0x31,0x32,0x33,0x00,0x00,0x00,0xFC,0x00,0x50,
 301          0x68,0x69,0x6C,0x69,0x70,0x73,0x20,0x31,MODEL_SIZE,0x30,MODEL_CH,0x0A,0x00,0x00,0x00,0xFD,
C51 COMPILER V8.12   ROM_MAP                                                               11/09/2015 19:43:42 PAGE 6   

 302          0x00,0x38,0x4C,0x1E,0x53,0x0E,0x00,0x0A,0x20,0x20,0x20,0x20,0x20,0x20,0x00,(unsigned char)(0x6F+0x42-MODEL
             -_CH+0x39-MODEL_SIZE)
 303          };
 304          //#ifndef EDID_FROM_A_ONLY
 305          code unsigned char _Default_Digital_EDID[]={
 306          0x00,0xFF,0xFF,0xFF,0xFF,0xFF,0xFF,0x00,0x41,0x0C,0x5A,0x08,0x01,0x01,0x01,0x01,
 307          0x0D,0x11,0x01,0x03,0x80,0x26,0x1E,0x78,0x2A,0xA1,0x50,0xA3,0x57,0x4C,0x9D,0x25,
 308          0x11,0x50,0x54,0xBF,0xEF,0x80,0x71,0x4F,0x81,0x40,0x81,0x80,0x01,0x01,0x01,0x01,
 309          0x01,0x01,0x01,0x01,0x01,0x01,0x30,0x2A,0x00,0x98,0x51,0x00,0x2A,0x40,0x30,0x70,
 310          0x13,0x00,0x78,0x2D,0x11,0x00,0x00,0x1E,0x00,0x00,0x00,0xFF,0x00,0x33,0x31,0x32,
 311          0x31,0x32,0x32,0x31,0x33,0x32,0x33,0x31,0x32,0x33,0x00,0x00,0x00,0xFC,0x00,0x50,
 312          0x68,0x69,0x6C,0x69,0x70,0x73,0x20,0x31,MODEL_SIZE,0x30,MODEL_CH,0x0A,0x00,0x00,0x00,0xFD,
 313          0x00,0x38,0x4C,0x1E,0x53,0x0E,0x00,0x0A,0x20,0x20,0x20,0x20,0x20,0x20,0x00,(unsigned char)(0x01+0x42-MODEL
             -_CH+0x39-MODEL_SIZE)
 314          };
 315          //#endif
 316          
 317          code unsigned char _Default_TrueColor_Value[]={
 318          #if PanelID == AUO_M220EW01_V0
                      0x0a,0x4a,0xf0,0x34,0xe5,0x1c,0x30,0x04,0x84,0xf5,0xb4,0xf2,0xf6,0xef,0xe9,0xdd,
                      0xe8,0x1d,0x9c,0x46,0xbe,0xbb,0xad,0x41,0x70,0xf1,0xa4,0x77,0xf3,0x63,0x30,0x51,
                      0x60,0xa1,0x4c,0x37,0x3c,0x72,0x17,0x2e,0x86,0x83,0xc9,0xcd,0x86,0x83,0xe6,0xa5,
                      0x51,0xdf,0x8d,0xaf,0xc7,0x46,0x1a,0xf8,0xc8,0xd1,0x58,0x2e,0x25,0x8a,0x37,0x31,
                      0xee,0xeb,0xa1,0xb9,0xee,0xed,0x1d,0x3d,0x5b,0xdd,0xb3,0x84,0x2b,0x48,0x9e,0x07,
                      0xa3,0x8d,0x6a,0x49,0x11,0xb3,0x5b,0x9e,0xf1,0x33,0xa3,0x58,0x00,0x00,0x00,0x00,
              #elif PanelID == LPL_LM220WE1
                      0x0a,0x4a,0xf0,0x34,0xe5,0x1c,0x30,0x04,0x84,0xf5,0xb4,0xf2,0xf6,0xef,0xe9,0xdd,
                      0xe8,0x1d,0x9c,0x46,0xbe,0xbb,0xad,0x41,0x70,0xf1,0xa4,0x77,0xf3,0x63,0x30,0x51,
                      0x60,0xa1,0x4c,0x37,0x3c,0x72,0x17,0x2e,0x86,0x83,0xc9,0xcd,0x86,0x83,0xe6,0xa5,
                      0x51,0xdf,0x8d,0xaf,0xc7,0x46,0x1a,0xf8,0xc8,0xd1,0x58,0x2e,0x25,0x8a,0x37,0x31,
                      0xee,0xeb,0xa1,0xb9,0xee,0xed,0x1d,0x3d,0x5b,0xdd,0xb3,0x84,0x2b,0x48,0x9e,0x07,
                      0xa3,0x8d,0x6a,0x49,0x11,0xb3,0x5b,0x9e,0xf1,0x33,0xa3,0x58,0x00,0x00,0x00,0x00,
              #elif PanelID == CMO_M220Z1_L03
                      0x0a,0x4a,0xf0,0x34,0xe5,0x1c,0x30,0x04,0x84,0xf5,0xb4,0xf2,0xf6,0xef,0xe9,0xdd,
                      0xe8,0x1d,0x9c,0x46,0xbe,0xbb,0xad,0x41,0x70,0xf1,0xa4,0x77,0xf3,0x63,0x30,0x51,
                      0x60,0xa1,0x4c,0x37,0x3c,0x72,0x17,0x2e,0x86,0x83,0xc9,0xcd,0x86,0x83,0xe6,0xa5,
                      0x51,0xdf,0x8d,0xaf,0xc7,0x46,0x1a,0xf8,0xc8,0xd1,0x58,0x2e,0x25,0x8a,0x37,0x31,
                      0xee,0xeb,0xa1,0xb9,0xee,0xed,0x1d,0x3d,0x5b,0xdd,0xb3,0x84,0x2b,0x48,0x9e,0x07,
                      0xa3,0x8d,0x6a,0x49,0x11,0xb3,0x5b,0x9e,0xf1,0x33,0xa3,0x58,0x00,0x00,0x00,0x00,
              #else
 340          //LPL 19,17
 341                  0x0a,0x5a,0xff,0x39,0xe7,0xdc,0x37,0x3c,0x87,0x0c,0xae,0x03,0xf6,0xef,0xeb,0x12,
 342                  0xed,0x29,0xaf,0x93,0xbe,0xbb,0xfe,0x89,0x78,0xf1,0x64,0x07,0x87,0x70,0x34,0xd6,
 343                  0x73,0x65,0x30,0x37,0x7d,0x62,0x7f,0x36,0x86,0x83,0xc9,0xcd,0x86,0x85,0xd5,0x2d,
 344                  0x3d,0xa3,0x4a,0x8c,0x17,0x3f,0xea,0x7c,0x1b,0xc9,0x05,0x27,0xe4,0x9a,0x0b,0x25,
 345                  0xee,0xeb,0xa1,0xb9,0xee,0xee,0x5d,0x55,0x58,0xdc,0x33,0x74,0x03,0x5b,0x9a,0x86,
 346                  0x83,0x2d,0x49,0x45,0x4d,0x92,0x2f,0x4a,0xf6,0xf3,0xa3,0x58,0x00,0x00,0x00,0x00,
 347          #endif
 348          /*
 349          // HSD V007
 350          0x0e,0xb6,0xfe,0x9d,0xfe,0x9a,0x33,0x2c,0x87,0x95,0xb0,0x15,0xf6,0xef,0xf6,0x66,
 351          0xe8,0x08,0xa5,0x38,0xbe,0xbd,0x5e,0x91,0x52,0xff,0xe7,0x06,0xa4,0xb3,0x24,0x9d,
 352          0x81,0x89,0x71,0x43,0xfb,0x01,0x97,0x34,0x86,0x83,0xc9,0xcd,0x86,0x85,0xd5,0x69,
 353          0x51,0xde,0x0d,0x5f,0x1f,0x7e,0x1b,0xb8,0x18,0xc9,0x42,0x53,0x25,0x3a,0x3b,0x30,
 354          0xee,0xeb,0xa1,0xb9,0xee,0xee,0xbd,0xbd,0x7a,0xd5,0xf1,0xa4,0xdf,0x61,0x94,0xfa,
 355          0xd2,0x6d,0xa2,0x5c,0xd3,0xe3,0xcb,0xb1,0xf1,0x33,0xa3,0x58,0x00,0x00,0x00,0x00,
 356          */
 357          };
 358          
 359          //code unsigned char _SerialNum[13] = { "AU  000001" };
 360          //code unsigned char _SerialNum[15] = { "AU00000000001  " };
 361          //------------------------------------------------------------------------
C51 COMPILER V8.12   ROM_MAP                                                               11/09/2015 19:43:42 PAGE 7   



MODULE INFORMATION:   STATIC OVERLAYABLE
   CODE SIZE        =   ----    ----
   CONSTANT SIZE    =   1481    ----
   XDATA SIZE       =   ----    ----
   PDATA SIZE       =   ----    ----
   DATA SIZE        =   ----    ----
   IDATA SIZE       =   ----    ----
   BIT SIZE         =   ----    ----
END OF MODULE INFORMATION.


C51 COMPILATION COMPLETE.  0 WARNING(S),  0 ERROR(S)
