C51 COMPILER V7.03   ROM_MAP                                                               12/21/2006 18:12:26 PAGE 1   


C51 COMPILER V7.03, COMPILATION OF MODULE ROM_MAP
OBJECT MODULE PLACED IN .\BIN\Rom_map.obj
COMPILER INVOKED BY: C:\Keil\C51\BIN\C51.EXE SRC\Rom_map.C OPTIMIZE(9,SPEED) DEFINE(X21) DEBUG OBJECTEXTEND PRINT(.\LST\
                    -Rom_map.lst) OBJECT(.\BIN\Rom_map.obj)

stmt level    source

   1          #include "MyDef.H"
   2          #include "PANEL.H"
   3          #include "OSD.H"
   4          
   5          code unsigned char EEP_GeoMap[]={
   6                  0xff,   //F/W version
   7                  0xff,   //F/W reversion
   8                  0x21,   //Status
   9                  0x00,   //language
  10                  0x03,   //color temperature select user
  11          
  12                  0x00,   //Sync Source
  13                  UserModeSt,     //user mode start point
  14                  0x80,   // PRBuffer 7
  15                  0x07,   //Air/Cable +ChSystem 8
  16                  0xff,   //ChBuffer TV/CATV Channel 9
  17          
  18                  80,             //0x20a Cont.Max
  19                  20,             //0x20b Cont.Min
  20                  127,    //0x20c Brig.Max
  21                  37,             //0x20d Brig. Min
  22                  50,             //Audio VOLUME
  23          
  24                  146,    //VCMVol
  25                  0x32,   //CONTRAST
  26                  0x32,   //BRIGHTNESS
  27                  127,    //BACKLIGHT
  28                  50,     //SATURATION
  29          
  30                  50,     //TINT
  31                  0x50,   //sRGB backlight
  32                  0x32,   //DVI CONTRAST
  33                  60,             //video CONTRAST
  34                  50,             //Video BRIGHTNESS
  35          
  36                  50,             //video SATURATION
  37                  50,             //video TINT
  38                  6,              //Video SHARPNESS
  39                  0x00,   //osd rotation
  40                  10,             //OSD timer
  41          
  42                  0x02,   //(PanelWidth-OSD_WIDTH*12)/10,   //0xdd = OSD position x
  43                  0xff,   //(PanelHeight-OSD_HIGH*18)/10,   //0xde = OSD position y
  44                  0x9f,   //ADC r offset  rev3
  45                  0x91,   //ADC g offset
  46                  0x8b,   //ADC b offset
  47          
  48                  0x7c,   //ADC r gain
  49                  0x75,   //ADC g gain
  50                  0x75,   //ADC b gain
  51          #ifdef X15      
                      104,    //r FuncBuf[pCONTRAST] k1
                      97,             //g FuncBuf[pCONTRAST] k1
                      125,    //b FuncBuf[pCONTRAST] k1
C51 COMPILER V7.03   ROM_MAP                                                               12/21/2006 18:12:26 PAGE 2   

                      120,    //r FuncBuf[pCONTRAST] k2
                      110,    //g FuncBuf[pCONTRAST] k2
                      127,    //b FuncBuf[pCONTRAST] k2
                      125,    //r FuncBuf[pCONTRAST] k3
                      110,    //g FuncBuf[pCONTRAST] k3
                      107,    //b FuncBuf[pCONTRAST] k3
                      120,    //r FuncBuf[pCONTRAST] k2
                      110,    //g FuncBuf[pCONTRAST] k2
                      127,    //b FuncBuf[pCONTRAST] k2
                      104,    //r FuncBuf[pCONTRAST] k1
                      97,             //g FuncBuf[pCONTRAST] k1
                      125,    //b FuncBuf[pCONTRAST] k1
              #endif
  68          #ifdef X17      
                      101,    // FuncBuf[pCONTRAST] k1
                      92,     // FuncBuf[pCONTRAST] k1
                      126,    // FuncBuf[pCONTRAST] k1
                      113,    // FuncBuf[pCONTRAST] k2
                      102,    // FuncBuf[pCONTRAST] k2
                      126,    // FuncBuf[pCONTRAST] k2
                      121,    //128,  // FuncBuf[pCONTRAST] k3
                      110,    //118,  // FuncBuf[pCONTRAST] k3
                      126,    //102,  // FuncBuf[pCONTRAST] k3
                      128,    // FuncBuf[pCONTRAST] k2
                      128,    // FuncBuf[pCONTRAST] k2
                      128,    // FuncBuf[pCONTRAST] k2
                      128,    //102,  // FuncBuf[pCONTRAST] k1
                      128,    //101,  // FuncBuf[pCONTRAST] k1
                      128,    //128,  // FuncBuf[pCONTRAST] k1
              #endif
  85          #ifdef X19      
                      104,    //r FuncBuf[pCONTRAST] k1
                      182,    //g FuncBuf[pCONTRAST] k1
                      121,    //b FuncBuf[pCONTRAST] k1
                      112,    //r FuncBuf[pCONTRAST] k2
                      90,             //g FuncBuf[pCONTRAST] k2
                      120,    //b FuncBuf[pCONTRAST] k2
                      121,    //r FuncBuf[pCONTRAST] k3
                      98,             //g FuncBuf[pCONTRAST] k3
                      128,    //b FuncBuf[pCONTRAST] k3
                      128,    //r FuncBuf[pCONTRAST] k2
                      128,    //g FuncBuf[pCONTRAST] k2
                      128,    //b FuncBuf[pCONTRAST] k2
                      128,    //r FuncBuf[pCONTRAST] k1
                      128,    //g FuncBuf[pCONTRAST] k1
                      128,    //b FuncBuf[pCONTRAST] k1
              #endif
 102          #ifdef X21      
 103                  104,    //r FuncBuf[pCONTRAST] k1
 104                  182,    //g FuncBuf[pCONTRAST] k1
 105                  121,    //b FuncBuf[pCONTRAST] k1
 106                  112,    //r FuncBuf[pCONTRAST] k2
 107                  90,     //g FuncBuf[pCONTRAST] k2
 108                  120,    //b FuncBuf[pCONTRAST] k2
 109                  121,    //r FuncBuf[pCONTRAST] k3
 110                  98,     //g FuncBuf[pCONTRAST] k3
 111                  128,    //b FuncBuf[pCONTRAST] k3
 112                  128,    //r FuncBuf[pCONTRAST] k2
 113                  128,    //g FuncBuf[pCONTRAST] k2
 114                  128,    //b FuncBuf[pCONTRAST] k2
 115                  128,    //r FuncBuf[pCONTRAST] k1
 116                  128,    //g FuncBuf[pCONTRAST] k1
C51 COMPILER V7.03   ROM_MAP                                                               12/21/2006 18:12:26 PAGE 3   

 117                  128,    //b FuncBuf[pCONTRAST] k1
 118          #endif
 119                  128,    //r FuncBuf[pCONTRAST] k6
 120                  128,    //g FuncBuf[pCONTRAST] k6
 121                  128,    //b FuncBuf[pCONTRAST] k6
 122                  0x48,   //Light CONTRAST
 123                  0x32,   //Light BRIGHTNESS
 124                  0x18,   //Light Hstart LSB
 125                  0x00,   //Light Hstart MSB
 126                  0x32,   //Light HWidth LSB
 127                  0x00,   //Light HWidth MSB
 128                  0x19,   //Light Vstart LSB
 129                  0x00,   //Light Vstart MSB
 130                  0x32,   //Light VHight LSB
 131                  0x00,   //Light VHight MSB
 132                  0x6b,   //YPbPr ADC r offset
 133                  0x85,   //YPbPr ADC g offset
 134                  0x68,   //YPbPr ADC b offset
 135          };
 136          /*
 137          code unsigned char YPbPrFreqMap[]={
 138          //H_SYNC(16bit),HV_Pol(4bit),V_SYNC(12bit)
 139                  0x00,0x9d,0xc2,0x57,    //Timing 9 NTSC YPbPr 480i
 140                  0x01,0x3a,0xc2,0x57,    //Timing 12 NTSC YPbPr 480P 
 141                  0x01,0xbf,0x82,0x57,    //Timing 67 1280x720@60Hz       
 142                  0x01,0x51,0xc2,0x58,    //Timing 70 YPbPr NTSC 1080i 
 143          };
 144          */
 145          code unsigned char YPbPrSyncMap[]={
 146          //      SharpV_BP    H_BP    H_Tatol  Reso Phase
 147                  0x02,0x0F,0x00,0x41,0x03,0x20,0x04,0x10,        //Timing 9 NTSC YPbPr 480i
 148                  0x02,0x1d,0x00,0x32,0x03,0x20,0x04,0x10,        //Timing 12 NTSC YPbPr 480P   
 149          //      0x02,0x1d,0x00,0x5f,0x03,0x20,0x04,0x10,        //Timing 12 NTSC YPbPr 480P   
 150                  0x02,0x13,0x01,0x00,0x06,0x80,0x0f,0x10,        //Timing 67 1280x720@60Hz   
 151                  0x02,0x0d,0x00,0x5b,0x04,0x97,0x12,0x10,        //Timing 76 YPbPr NTSC 1080i 
 152          //      0x02,0x06,0x00,0xaf,0x08,0x70,0x12,0x10,        //Timing 70 YPbPr NTSC1080i 
 153          };
 154          code unsigned char EEP_FreqMap[]={
 155          //H_SYNC(16bit),HV_Pol(4bit),V_SYNC(12bit)
 156                  0x01,0x3a,0x51,0xf4,    //Timing 0 640x350@50Hz Graphic
 157                  0x01,0x3a,0x52,0x57,    //Timing 1 640x350@59.94Hz Graphic
 158                  0x01,0x3a,0x52,0xbc,    //Timing 2 640x350@70Hz Graphic
 159                  0x01,0x7a,0x53,0x52,    //Timing 3 640x350@85Hz Graphic
 160                  0x01,0x3a,0x61,0xf4,    //Timing 4 720x400@50Hz text
 161                  0x01,0x3a,0x62,0x57,    //Timing 5 720x400@59.94Hz text
 162                  0x01,0x3a,0x62,0xbc,    //Timing 6 720x400@70Hz text
 163                  0x01,0x7a,0x63,0x52,    //Timing 7 720x400@85Hz text
 164                  0x00,0xf8,0x42,0x34,    //Timing 8 640x400@56.42Hz 
 165                  0x00,0x9d,0xc2,0x57,    //Timing 9 NTSC YPbPr 480i
 166                  0x01,0x3a,0xc1,0xf4,    //Timing 10 640x480@50Hz    
 167                  0x01,0x3a,0x42,0x57,    //Timing 11 640x480@59.94Hz    
 168                  0x01,0x3a,0xc2,0x57,    //Timing 12 NTSC YPbPr 480P 
 169                  0x01,0x5e,0x92,0x9a,    //Timing 13 640x480@66.67Hz   
 170                  0x01,0x5d,0x82,0x9a,    //Timing 14 640x480@66.6Hz    
 171                  0x01,0x68,0xc2,0xbc,    //Timing 15 640x480@70Hz    
 172                  0x01,0x7a,0xc2,0xd8,    //Timing 16 640x480@72.81Hz   
 173                  0x01,0x77,0xc2,0xee,    //Timing 17 640x480@75Hz    
 174                  0x01,0xb0,0xc3,0x52,    //Timing 18 640x480@85Hz    
 175                  0x01,0x5f,0xf2,0x32,    //Timing 19 800x600@56.25Hz    
 176                  0x01,0x7a,0xf2,0x5b,    //Timing 20 800x600@60.32Hz    
 177                  0x01,0xe8,0x82,0x9c,    //Timing 21 800x600@66.89Hz    
 178                  0x01,0xd0,0xf2,0xbc,    //Timing 22 800x600@66.998Hz    
C51 COMPILER V7.03   ROM_MAP                                                               12/21/2006 18:12:26 PAGE 4   

 179                  0x01,0xe0,0xf2,0xd1,    //Timing 23 800x600@72.188Hz    
 180                  0x01,0xd4,0xf2,0xee,    //Timing 24 800x600@75Hz    
 181                  0x02,0x18,0xf3,0x52,    //Timing 25 800x600@85.062Hz   
 182                  0x01,0xf1,0x82,0xe9,    //Timing 26 832x624@74.55Hz    
 183                  0x01,0x36,0x22,0x58,    //Timing 27 848x480@60Hz    
 184                  0x01,0x5d,0x22,0xbb,    //Timing 28 848x480@69.95Hz    
 185                  0x01,0x68,0x22,0xcf,    //Timing 29 848x480@71.9Hz   
 186                  0x01,0x78,0x22,0xee,    //Timing 30 848x480@75Hz   
 187                  0x01,0xae,0x23,0x53,    //Timing 31 848x480@85.18Hz   
 188                  0x01,0x90,0xc1,0xf4,    //Timing 32 1024x768@50Hz(40K)  
 189                  0x01,0x9c,0x81,0xf4,    //Timing 33 1024x768@50Hz(41.25K) 
 190                  0x01,0xb4,0xc1,0xf4,    //Timing 34 1024x768@50Hz(43.66K) 
 191                  0x01,0xe3,0x02,0x58,    //Timing 35 1024x768@60Hz    
 192                  0x02,0x1b,0x82,0x95,    //Timing 36 1024x768@66.11Hz    
 193                  0x02,0x34,0x02,0xbc,    //Timing 37 1024x768@70Hz    
 194                  0x02,0x41,0x22,0xd1,    //Timing 38 1024x768@72.125Hz   
 195                  0x02,0x58,0x32,0xee,    //Timing 39 1024x768@75Hz    
 196                  0x02,0xae,0xf3,0x52,    //Timing 40 1024x768@84.996Hz   
 197                  0x02,0x1c,0xf2,0x50,    //Timing 41 1152x864@59.27Hz   
 198                  0x02,0x7e,0xf2,0xbc,    //Timing 42 1152x864@70Hz   
 199                  0x02,0x88,0xf2,0xd0,    //Timing 43 1152x864@72Hz(64.872K)
 200                  0x02,0x8a,0xf2,0xd0,    //Timing 44 1152x864@72Hz(65K)  
 201                  0x02,0xa3,0xf2,0xee,    //Timing 45 1152x864@75Hz   
 202                  0x03,0x03,0xe3,0x52,    //Timing 46 1152x864@85Hz   
 203                  0x02,0xae,0x82,0xee,    //Timing 47 1152x870@75.06Hz   
 204                  0x02,0x6a,0x82,0x93,    //Timing 48 1152x900@65.95Hz   
 205                  0x02,0xcd,0x82,0xf8,    //Timing 49 1152x900@76.068Hz   
 206                  0x02,0x58,0xf2,0x58,    //Timing 50 1280x960@60Hz   
 207                  0x02,0xbc,0xf2,0xbc,    //Timing 51 1280x960@70Hz    
 208                  0x02,0xd1,0xf2,0xd0,    //Timing 52 1280x960@72.03Hz    
 209                  0x02,0xee,0xf2,0xee,    //Timing 53 1280x960@75Hz    
 210                  0x03,0x5d,0xf3,0x51,    //Timing 54 1280x960@84.96Hz    
 211                  0x02,0x0f,0xf1,0xf4,    //Timing 55 1280x1024@50Hz    
 212                  0x02,0x7f,0xf2,0x58,    //Timing 56 1280x1024@60Hz    
 213                  0x02,0xc2,0x82,0x98,    //Timing 57 1280x1024@66.472Hz  
 214                  0x02,0xec,0xf2,0xba,    //Timing 58 1280x1024@69.853Hz  
 215                  0x02,0xea,0xf2,0xba,    //Timing 59 1280x1024@69.853Hz  
 216                  0x02,0xff,0xf2,0xd0,    //Timing 60 1280x1024@72Hz   
 217                  0x03,0x1f,0xf2,0xee,    //Timing 61 1280x1024@75Hz   
 218                  0x03,0x8f,0xf3,0x52,    //Timing 62 1280x1024@85Hz   
 219                  0x02,0xee,0xf2,0x58,    //Timing 63 1600x1200@60Hz   
 220                  0x03,0x2c,0xf2,0x8a,    //Timing 64 1600x1200@65Hz   
 221                  0x03,0x6b,0xf2,0xbc,    //Timing 65 1600x1200@70Hz   
 222                  0x03,0xa9,0xf2,0xee,    //Timing 66 1600x1200@75Hz   
 223                  0x01,0xbf,0x82,0x57,    //Timing 67 1280x720@60Hz       
 224                  0x01,0xdd,0x22,0x58,    //Timing 68 1280x768@60Hz       
 225                  0x00,0xf8,0xc2,0x34,    //Timing 69 YPbPr PAL 574i 
 226                  0x01,0x51,0xc2,0x58,    //Timing 70 YPbPr NTSC 1080i 
 227          
 228                  0x01,0xdd,0x32,0x58,    //Timing 71 1360x768@60Hz
 229                  0x01,0xe9,0x82,0x57,    //Timing 72 1366x768@60Hz
 230                  0x02,0x30,0xb2,0xbc,    //Timing 73 1360x768@70Hz
 231                  0x02,0x40,0xb2,0xd0,    //Timing 74 1360x768@72Hz
 232                  0x02,0x59,0xb2,0xee,    //Timing 75 1360x768@75Hz
 233          
 234          
 235          
 236          };
 237          
 238          code unsigned char EEP_SyncMap[]={
 239          //      SharpV_BP    H_BP    H_Tatol  Reso Phase
 240                  0x02,0x96,0x00,0x24,0x03,0x20,0x00,0x10,        //Timing 0 640x350@50Hz Graphic
C51 COMPILER V7.03   ROM_MAP                                                               12/21/2006 18:12:26 PAGE 5   

 241                  0x02,0x62,0x00,0x24,0x03,0x20,0x00,0x10,        //Timing 1 640x350@59.94Hz Graphic
 242                  0x02,0x3c,0x00,0x24,0x03,0x20,0x00,0x10,        //Timing 2 640x350@70Hz Graphic
 243                  0x02,0x3c,0x00,0x24,0x03,0x40,0x00,0x10,        //Timing 3 640x350@85Hz Graphic
 244                  0x02,0x7d,0x00,0x28,0x03,0x84,0x03,0x10,        //Timing 4 720x400@50Hz text
 245                  0x02,0x0f,0x00,0x28,0x03,0x84,0x04,0x10,        //Timing 5 720x400@59.94Hz text
 246                  0x02,0x23,0x00,0x28,0x03,0x84,0x03,0x10,        //Timing 6 720x400@70Hz text
 247                  0x02,0x2b,0x00,0x28,0x03,0xa8,0x03,0x10,        //Timing 7 720x400@85Hz text
 248                  0x02,0x20,0x00,0x54,0x03,0x50,0x02,0x10,        //Timing 8 640x400@56.42Hz      
 249                  0x02,0x0f,0x00,0x41,0x03,0x20,0x04,0x10,        //Timing 9 NTSC YPbPr 480i
 250                  0x02,0x55,0x00,0x24,0x03,0x20,0x04,0x10,        //Timing 10 640x480@50Hz    
 251                  0x02,0x21,0x00,0x24,0x03,0x20,0x04,0x10,        //Timing 11 640x480@59.94Hz    
 252                  0x02,0x21,0x00,0x41,0x03,0x20,0x04,0x10,        //Timing 12 NTSC YPbPr 480P   
 253                  0x02,0x28,0x00,0x54,0x03,0x60,0x04,0x10,        //Timing 13 640x480@66.67Hz   
 254                  0x02,0x27,0x00,0x5c,0x03,0x80,0x04,0x10,        //Timing 14 640x480@66.6Hz    
 255                  0x02,0x1c,0x00,0x80,0x03,0x48,0x04,0x10,        //Timing 15 640x480@70Hz    
 256                  0x02,0x1d,0x00,0x74,0x03,0x40,0x04,0x10,        //Timing 16 640x480@72.81Hz   
 257                  0x02,0x11,0x00,0x6c,0x03,0x48,0x04,0x10,        //Timing 17 640x480@75Hz    
 258                  0x02,0x1a,0x00,0x44,0x03,0x40,0x04,0x10,        //Timing 18 640x480@85Hz    
 259                  0x02,0x16,0x00,0x74,0x04,0x00,0x06,0x10,        //Timing 19 800x600@56.25Hz    
 260                  0x02,0x19,0x00,0x4c,0x04,0x20,0x06,0x10,        //Timing 20 800x600@60.32Hz    
 261                  0x02,0x4c,0x00,0xa5,0x04,0x00,0x06,0x10,        //Timing 21 800x600@66.89Hz    
 262                  0x02,0x17,0x00,0x60,0x04,0x10,0x06,0x10,        //Timing 22 800x600@66.998Hz    
 263                  0x02,0x1b,0x00,0x34,0x04,0x10,0x06,0x10,        //Timing 23 800x600@72.188Hz    
 264                  0x02,0x16,0x00,0x94,0x04,0x20,0x06,0x10,        //Timing 24 800x600@75Hz    
 265                  0x02,0x1c,0x00,0x83,0x04,0x18,0x06,0x10,        //Timing 25 800x600@85.062Hz   
 266                  0x02,0x28,0x00,0xcc,0x04,0x80,0x07,0x10,        //Timing 26 832x624@74.55Hz    
 267                  0x02,0x19,0x01,0x1f,0x06,0x50,0x05,0x10,        //Timing 27 848x480@60Hz    
 268                  0x02,0x11,0x01,0x72,0x06,0x50,0x05,0x10,        //Timing 28 848x480@69.95Hz    
 269                  0x02,0x12,0x01,0x66,0x06,0x68,0x05,0x10,        //Timing 29 848x480@71.9Hz   
 270                  0x02,0x13,0x01,0xa7,0x06,0x68,0x05,0x10,        //Timing 30 848x480@75Hz   
 271                  0x02,0x16,0x01,0x5c,0x06,0x80,0x05,0x10,        //Timing 31 848x480@85.18Hz   
 272                  0x02,0x0a,0x00,0x78,0x04,0xc8,0x08,0x10,        //Timing 32 1024x768@50Hz(40K)   
 273                  0x02,0x33,0x01,0x18,0x05,0x52,0x08,0x10,        //Timing 33 1024x768@50Hz(41.25K)    
 274                  0x02,0x0a,0x01,0x0f,0x04,0x60,0x08,0x10,        //Timing 34 1024x768@50Hz(43.66K)    
 275                  0x02,0x21,0x00,0x8c,0x05,0x40,0x08,0x10,        //Timing 35 1024x768@60Hz    
 276                  0x02,0x24,0x00,0xa0,0x05,0x30,0x08,0x10,        //Timing 36 1024x768@66.11Hz    
 277                  0x02,0x21,0x00,0x7c,0x05,0x30,0x08,0x10,        //Timing 37 1024x768@70Hz    
 278                  0x02,0x1c,0x00,0x9b,0x05,0x20,0x08,0x10,        //Timing 38 1024x768@72.125Hz    
 279                  0x02,0x1d,0x00,0x9a,0x05,0x20,0x08,0x10,        //Timing 39 1024x768@75Hz    
 280                  0x02,0x25,0x00,0xba,0x05,0x60,0x08,0x10,        //Timing 40 1024x768@84.996Hz    
 281                  0x02,0x20,0x00,0xc0,0x05,0xc8,0x09,0x10,        //Timing 41 1152x864@59.27Hz   
 282                  0x02,0x2c,0x00,0xc8,0x05,0xc8,0x09,0x10,        //Timing 42 1152x864@70Hz   
 283                  0x02,0x20,0x00,0xc0,0x06,0x00,0x09,0x10,        //Timing 43 1152x864@72Hz(64.872K)   
 284                  0x02,0x20,0x00,0xc0,0x06,0x40,0x09,0x10,        //Timing 44 1152x864@72Hz(65K)   
 285                  0x02,0x21,0x00,0xd9,0x06,0x40,0x09,0x10,        //Timing 45 1152x864@75Hz   
 286                  0x02,0x2a,0x01,0x01,0x06,0x10,0x09,0x10,        //Timing 46 1152x864@85Hz   
 287                  0x02,0x27,0x01,0x30,0x05,0xb0,0x0a,0x10,        //Timing 47 1152x870@75.06Hz   
 288                  0x02,0x1f,0x01,0x30,0x05,0xe0,0x0b,0x10,        //Timing 48 1152x900@65.95Hz   
 289                  0x02,0x21,0x01,0x13,0x05,0xc0,0x0b,0x10,        //Timing 49 1152x900@76.068Hz   
 290                  0x02,0x25,0x01,0x11,0x07,0x08,0x0c,0x10,        //Timing 50 1280x960@60Hz   
 291                  0x02,0x24,0x01,0x38,0x07,0x08,0x0c,0x10,        //Timing 51 1280x960@70Hz    
 292                  0x02,0x24,0x00,0xfa,0x06,0xc0,0x0c,0x10,        //Timing 52 1280x960@72.03Hz    
 293                  0x02,0x24,0x01,0x38,0x07,0x08,0x0c,0x10,        //Timing 53 1280x960@75Hz    
 294                  0x02,0x30,0x00,0xb8,0x06,0xc0,0x0c,0x10,        //Timing 54 1280x960@84.96Hz    
 295                  0x02,0x1a,0x00,0xd0,0x06,0x99,0x0d,0x10,        //Timing 55 1280x1024@50Hz    
 296                  0x02,0x27,0x00,0xd1,0x06,0x98,0x0d,0x10,        //Timing 56 1280x1024@60Hz    
 297                  0x02,0x21,0x00,0xb8,0x06,0xa0,0x0d,0x10,        //Timing 57 1280x1024@66.472Hz    
 298                  0x02,0x2c,0x00,0xb8,0x06,0xa0,0x0d,0x10,        //Timing 58 1280x1024@69.853Hz    
 299                  0x02,0x26,0x00,0xb8,0x06,0xc0,0x0d,0x10,        //Timing 59 1280x1024@69.853Hz   
 300                  0x02,0x26,0x00,0xd0,0x06,0x98,0x0d,0x10,        //Timing 60 1280x1024@72Hz   
 301                  0x02,0x27,0x00,0xd0,0x06,0x98,0x0d,0x10,        //Timing 61 1280x1024@75Hz   
 302                  0x02,0x2d,0x00,0xb8,0x06,0xc0,0x0d,0x10,        //Timing 62 1280x1024@85Hz   
C51 COMPILER V7.03   ROM_MAP                                                               12/21/2006 18:12:26 PAGE 6   

 303                  0x02,0x2e,0x01,0x07,0x08,0x70,0x0e,0x10,        //Timing 63 1600x1200@60Hz   
 304                  0x02,0x2f,0x01,0x07,0x08,0x70,0x0e,0x10,        //Timing 64 1600x1200@65Hz   
 305                  0x02,0x2f,0x01,0x07,0x08,0x70,0x0e,0x10,        //Timing 65 1600x1200@70Hz   
 306                  0x02,0x2e,0x01,0x07,0x08,0x70,0x0e,0x10,        //Timing 66 1600x1200@75Hz   
 307                  0x02,0x19,0x01,0x38,0x06,0x80,0x0f,0x10,        //Timing 67 1280x720@60Hz   
 308                  0x02,0x1a,0x01,0x40,0x06,0x90,0x10,0x10,        //Timing 68 1280x768@60Hz   
 309                  0x02,0x13,0x00,0x4d,0x03,0x9f,0x11,0x10,        //Timing 69 YPbPr PAL 574i 
 310                  0x02,0x0d,0x00,0x45,0x04,0x97,0x12,0x10,        //Timing 76 YPbPr NTSC 1080i 
 311          //      0x02,0x06,0x00,0xaf,0x08,0x70,0x12,0x10,        //Timing 70 YPbPr NTSC1080i 
 312          
 313                  0x02,0x1a,0x01,0x3d,0x06,0xd0,0x13,0x10,        //Timing 71 1360x768@60Hz
 314                  0x02,0x1a,0x01,0x30,0x07,0x00,0x14,0x10,        //Timing 72 1366x768@60Hz
 315                  0x02,0x1a,0x01,0x3d,0x06,0xd0,0x13,0x10,        //Timing 73 1360x768@70Hz
 316                  0x02,0x1a,0x01,0x30,0x07,0x00,0x13,0x10,        //Timing 74 1360x768@72Hz
 317                  0x02,0x1a,0x01,0x30,0x07,0x00,0x13,0x10,        //Timing 75 1360x768@75Hz
 318          
 319          
 320          #if 0
              //      SharpV_BP    H_BP    H_Tatol  Reso Phase
                      0x02,0x96,0x00,0x86,0x03,0x20,0x00,0x10,        //Timing 0 640x350@50Hz Graphic
                      0x02,0x62,0x00,0x86,0x03,0x20,0x00,0x10,        //Timing 1 640x350@59.94Hz Graphic
                      0x02,0x3c,0x00,0x84,0x03,0x20,0x00,0x10,        //Timing 2 640x350@70Hz Graphic
                      0x02,0x3c,0x00,0x86,0x03,0x40,0x00,0x10,        //Timing 3 640x350@85Hz Graphic
                      0x02,0x7d,0x00,0x98,0x03,0x84,0x03,0x10,        //Timing 4 720x400@50Hz text
                      0x02,0x0f,0x00,0x81,0x03,0x84,0x04,0x10,        //Timing 5 720x400@59.94Hz text
                      0x02,0x23,0x00,0x94,0x03,0x84,0x03,0x10,        //Timing 6 720x400@70Hz text
                      0x02,0x2b,0x00,0xab,0x03,0xa8,0x03,0x10,        //Timing 7 720x400@85Hz text
                      0x02,0x20,0x00,0x54,0x03,0x50,0x02,0x10,        //Timing 8 640x400@56.42Hz      
                      0x02,0x0f,0x00,0x41,0x03,0x20,0x04,0x10,        //Timing 9 NTSC YPbPr 480i
                      0x02,0x55,0x00,0x86,0x03,0x20,0x04,0x10,        //Timing 10 640x480@50Hz    
                      0x02,0x21,0x00,0x84,0x03,0x20,0x04,0x10,        //Timing 11 640x480@59.94Hz    
                      0x02,0x21,0x00,0x41,0x03,0x20,0x04,0x10,        //Timing 12 NTSC YPbPr 480P   
                      0x02,0x28,0x00,0x94,0x03,0x60,0x04,0x10,        //Timing 13 640x480@66.67Hz   
                      0x02,0x27,0x00,0x9c,0x03,0x80,0x04,0x10,        //Timing 14 640x480@66.6Hz    
                      0x02,0x1c,0x00,0x80,0x03,0x48,0x04,0x10,        //Timing 15 640x480@70Hz    
                      0x02,0x1d,0x00,0x9c,0x03,0x40,0x04,0x10,        //Timing 16 640x480@72.81Hz   
                      0x02,0x11,0x00,0xac,0x03,0x48,0x04,0x10,        //Timing 17 640x480@75Hz    
                      0x02,0x1a,0x00,0x7c,0x03,0x40,0x04,0x10,        //Timing 18 640x480@85Hz    
                      0x02,0x16,0x00,0xbc,0x04,0x00,0x06,0x10,        //Timing 19 800x600@56.25Hz    
                      0x02,0x19,0x00,0xcc,0x04,0x20,0x06,0x10,        //Timing 20 800x600@60.32Hz    
                      0x02,0x4c,0x00,0xa5,0x04,0x00,0x06,0x10,        //Timing 21 800x600@66.89Hz    
                      0x02,0x17,0x00,0x60,0x04,0x10,0x06,0x10,        //Timing 22 800x600@66.998Hz    
                      0x02,0x1b,0x00,0xac,0x04,0x10,0x06,0x10,        //Timing 23 800x600@72.188Hz    
                      0x02,0x16,0x00,0xe4,0x04,0x20,0x06,0x10,        //Timing 24 800x600@75Hz    
                      0x02,0x1c,0x00,0xc4,0x04,0x18,0x06,0x10,        //Timing 25 800x600@85.062Hz   
                      0x02,0x28,0x01,0x0b,0x04,0x80,0x07,0x10,        //Timing 26 832x624@74.55Hz    
                      0x02,0x19,0x01,0x1f,0x06,0x50,0x05,0x10,        //Timing 27 848x480@60Hz    
                      0x02,0x11,0x01,0x72,0x06,0x50,0x05,0x10,        //Timing 28 848x480@69.95Hz    
                      0x02,0x12,0x01,0x66,0x06,0x68,0x05,0x10,        //Timing 29 848x480@71.9Hz   
                      0x02,0x13,0x01,0xa7,0x06,0x68,0x05,0x10,        //Timing 30 848x480@75Hz   
                      0x02,0x16,0x01,0x5c,0x06,0x80,0x05,0x10,        //Timing 31 848x480@85.18Hz   
                      0x02,0x0a,0x00,0x78,0x04,0xc8,0x08,0x10,        //Timing 32 1024x768@50Hz(40K)   
                      0x02,0x33,0x01,0x18,0x05,0x52,0x08,0x10,        //Timing 33 1024x768@50Hz(41.25K)    
                      0x02,0x0a,0x01,0x0f,0x04,0x60,0x08,0x10,        //Timing 34 1024x768@50Hz(43.66K)    
                      0x02,0x21,0x01,0x13,0x05,0x40,0x08,0x10,        //Timing 35 1024x768@60Hz    
                      0x02,0x24,0x01,0x10,0x05,0x30,0x08,0x10,        //Timing 36 1024x768@66.11Hz    
                      0x02,0x21,0x01,0x03,0x05,0x30,0x08,0x10,        //Timing 37 1024x768@70Hz    
                      0x02,0x1c,0x00,0xfc,0x05,0x20,0x08,0x10,        //Timing 38 1024x768@72.125Hz    
                      0x02,0x1d,0x00,0xfc,0x05,0x20,0x08,0x10,        //Timing 39 1024x768@75Hz    
                      0x02,0x25,0x01,0x1c,0x05,0x60,0x08,0x10,        //Timing 40 1024x768@84.996Hz    
                      0x02,0x20,0x00,0xc0,0x05,0xc8,0x09,0x10,        //Timing 41 1152x864@59.27Hz   
                      0x02,0x2c,0x00,0xc8,0x05,0xc8,0x09,0x10,        //Timing 42 1152x864@70Hz   
C51 COMPILER V7.03   ROM_MAP                                                               12/21/2006 18:12:26 PAGE 7   

                      0x02,0x20,0x00,0xc0,0x06,0x00,0x09,0x10,        //Timing 43 1152x864@72Hz(64.872K)   
                      0x02,0x20,0x00,0xc0,0x06,0x40,0x09,0x10,        //Timing 44 1152x864@72Hz(65K)   
                      0x02,0x21,0x01,0x5a,0x06,0x40,0x09,0x10,        //Timing 45 1152x864@75Hz   
                      0x02,0x2a,0x01,0x01,0x06,0x10,0x09,0x10,        //Timing 46 1152x864@85Hz   
                      0x02,0x27,0x01,0x30,0x05,0xb0,0x0a,0x10,        //Timing 47 1152x870@75.06Hz   
                      0x02,0x1f,0x01,0x30,0x05,0xe0,0x0b,0x10,        //Timing 48 1152x900@65.95Hz   
                      0x02,0x21,0x01,0x13,0x05,0xc0,0x0b,0x10,        //Timing 49 1152x900@76.068Hz   
                      0x02,0x25,0x01,0x82,0x07,0x08,0x0c,0x10,        //Timing 50 1280x960@60Hz   
                      0x02,0x24,0x01,0x38,0x07,0x08,0x0c,0x10,        //Timing 51 1280x960@70Hz    
                      0x02,0x24,0x00,0xfa,0x06,0xc0,0x0c,0x10,        //Timing 52 1280x960@72.03Hz    
                      0x02,0x24,0x01,0x38,0x07,0x08,0x0c,0x10,        //Timing 53 1280x960@75Hz    
                      0x02,0x30,0x01,0x5a,0x06,0xc0,0x0c,0x10,        //Timing 54 1280x960@84.96Hz    
                      0x02,0x1a,0x00,0xd0,0x06,0x99,0x0d,0x10,        //Timing 55 1280x1024@50Hz    
                      0x02,0x27,0x01,0x42,0x06,0x98,0x0d,0x10,        //Timing 56 1280x1024@60Hz    
                      0x02,0x21,0x01,0x50,0x06,0xa0,0x0d,0x10,        //Timing 57 1280x1024@66.472Hz    
                      0x02,0x2c,0x01,0x5a,0x06,0xa0,0x0d,0x10,        //Timing 58 1280x1024@69.853Hz    
                      0x02,0x26,0x01,0x65,0x06,0xc0,0x0d,0x10,        //Timing 59 1280x1024@69.853Hz   
                      0x02,0x26,0x01,0x65,0x06,0x98,0x0d,0x10,        //Timing 60 1280x1024@72Hz   
                      0x02,0x27,0x01,0x62,0x06,0x98,0x0d,0x10,        //Timing 61 1280x1024@75Hz   
                      0x02,0x2d,0x01,0x5a,0x06,0xc0,0x0d,0x10,        //Timing 62 1280x1024@85Hz   
                      0x02,0x2e,0x01,0xd6,0x08,0x70,0x0e,0x10,        //Timing 63 1600x200@60Hz   
                      0x02,0x2f,0x01,0xca,0x08,0x70,0x0e,0x10,        //Timing 64 1600x200@65Hz   
                      0x02,0x2f,0x01,0xca,0x08,0x70,0x0e,0x10,        //Timing 65 1600x200@70Hz   
                      0x02,0x2e,0x01,0xd6,0x08,0x70,0x0e,0x10,        //Timing 66 1600x200@75Hz   
              #endif
 390          };
 391          
 392          /*----------------------------------------- -jwshin 061030
 393          unsigned char code DsubEdidTab[]={
 394                  0x00,0xff,0xff,0xff,0xff,0xff,0xff,0x00,
 395                  0x3a,0xd4,0x3a,0x56,0x00,0x00,0x00,0x00,
 396                  0x1c,0x0e,0x01,0x03,0x0e,0x26,0x1e,0x78,
 397                  0xe8,0x2c,0x9d,0xa6,0x58,0x4a,0x9a,0x26,
 398                  0x21,0x52,0x56,0xbf,0xef,0x80,0x81,0x80,
 399                  0x81,0x8a,0x81,0x8c,0x71,0x4f,0x45,0x4a,
 400                  0x01,0x01,0x01,0x01,0x01,0x01,0xbc,0x34,
 401                  0x00,0x98,0x51,0x00,0x2a,0x40,0x30,0x70,
 402                  0x13,0x00,0x7c,0x2c,0x11,0x00,0x00,0x06,
 403                  0xd6,0x09,0x80,0xa0,0x20,0x5e,0x63,0x10,
 404                  0x10,0x60,0x52,0x08,0x7c,0x2c,0x11,0x00,
 405                  0x00,0x02,0x00,0x00,0x00,0xfd,0x00,0x32,
 406                  0x4b,0x1e,0x50,0x0e,0x00,0x0a,0x20,0x20,
 407                  0x20,0x20,0x20,0x20,0x00,0x00,0x00,0xfc,
 408                  0x00,0x4e,0x6f,0x76,0x61,0x74,0x65,0x6b,
 409                  0x20,0x20,0x35,0x36,0x33,0x41,0x00,0x75,
 410          };
 411          
 412          unsigned char code DviEdidTab[]={
 413                  0x00,0xff,0xff,0xff,0xff,0xff,0xff,0x00,
 414                  0x3a,0xd4,0x3d,0x56,0x08,0x00,0x00,0x00,//0xf
 415                  0x1c,0x0e,0x01,0x03,0x81,0x26,0x1e,0x78,
 416                  0xe8,0x2c,0x9d,0xa6,0x58,0x4a,0x9a,0x26,//0x1f
 417                  0x21,0x52,0x56,0xbf,0xef,0x80,0x81,0x80,
 418                  0x81,0x8a,0x81,0x8c,0x71,0x4f,0x45,0x4a,//0x2f
 419                  0x01,0x01,0x01,0x01,0x01,0x01,0xbc,0x34,
 420                  0x00,0x98,0x51,0x00,0x2a,0x40,0x30,0x70,//0x3f
 421                  0x13,0x00,0x7c,0x2c,0x11,0x00,0x00,0x1e,
 422                  0xd6,0x09,0x80,0xa0,0x20,0x5e,0x63,0x10,//0x4f
 423                  0x10,0x60,0x52,0x08,0x7c,0x2c,0x11,0x00,
 424                  0x00,0x1a,0x00,0x00,0x00,0xfd,0x00,0x32,//0x5f
 425                  0x4b,0x1e,0x50,0x0e,0x00,0x0a,0x20,0x20,
 426                  0x20,0x20,0x20,0x20,0x00,0x00,0x00,0xfc,//0x6f
C51 COMPILER V7.03   ROM_MAP                                                               12/21/2006 18:12:26 PAGE 8   

 427                  0x00,0x4e,0x6f,0x76,0x61,0x74,0x65,0x6b,
 428                  0x20,0x20,0x35,0x36,0x33,0x44,0x00,0xc4,//0x7f
 429          };
 430          */
 431          //------------------------------------------------------
 432          unsigned char code DsubEdidTab[]={                              // +jwshin 061030    Xgate 20inch DDC Analog Data...
 433                  0x00,0xFF,0xFF,0xFF,0xFF,0xFF,0xFF,0x00,
 434                  0x60,0xE5,0xD1,0x07,0xEC,0x07,0x00,0x00,
 435                  0x1E,0x0F,0x01,0x03,0x0F,0x2B,0x21,0x6E,
 436                  0xEA,0xF0,0x64,0x98,0x57,0x51,0x91,0x27,
 437                  0x21,0x4F,0x54,0xA3,0x08,0x00,0xA9,0x40, 
 438                  0x01,0x01,0x01,0x01,0x81,0x80,0x01,0x01,
 439                  0x01,0x01,0x01,0x01,0x01,0x01,0x30,0x2A,
 440                  0x00,0x98,0x51,0x00,0x2A,0x40,0x30,0x70,
 441                  0x13,0x00,0x51,0x0E,0x11,0x00,0x00,0x1E,
 442                  0x00,0x00,0x00,0xFF,0x00,0x58,0x47,0x41,
 443                  0x54,0x45,0x20,0x32,0x30,0x30,0x35,0x30,
 444                  0x32,0x35,0x00,0x00,0x00,0xFC,0x00,0x58,
 445                  0x47,0x41,0x54,0x45,0x20,0x58,0x47,0x32,
 446                  0x30,0x53,0x4D,0x0A,0x00,0x00,0x00,0xFD,
 447                  0x00,0x37,0x3E,0x1E,0x52,0x11,0x00,0x0A,
 448                  0x20,0x20,0x20,0x20,0x20,0x20,0x00,0x80,
 449          };
 450          
 451          unsigned char code DviEdidTab[]={
 452                  0x00,0xFF,0xFF,0xFF,0xFF,0xFF,0xFF,0x00,
 453                  0x60,0xE5,0xD1,0x07,0xEC,0x07,0x00,0x00,
 454                  0x1E,0x0F,0x01,0x03,0x81,0x2B,0x21,0x6E,
 455                  0xEA,0xF0,0x64,0x98,0x57,0x51,0x91,0x27,
 456                  0x21,0x4F,0x54,0xA3,0x08,0x00,0xA9,0x40, 
 457                  0x01,0x01,0x01,0x01,0x81,0x80,0x01,0x01,
 458                  0x01,0x01,0x01,0x01,0x01,0x01,0x30,0x2A,
 459                  0x00,0x98,0x51,0x00,0x2A,0x40,0x30,0x70,
 460                  0x13,0x00,0x51,0x0E,0x11,0x00,0x00,0x18,
 461                  0x00,0x00,0x00,0xFF,0x00,0x58,0x47,0x41,
 462                  0x54,0x45,0x20,0x32,0x30,0x30,0x35,0x30,
 463                  0x32,0x35,0x00,0x00,0x00,0xFC,0x00,0x58,
 464                  0x47,0x41,0x54,0x45,0x20,0x58,0x47,0x32,
 465                  0x30,0x53,0x4D,0x0A,0x00,0x00,0x00,0xFD,
 466                  0x00,0x37,0x3E,0x1E,0x52,0x11,0x00,0x0A,
 467                  0x20,0x20,0x20,0x20,0x20,0x20,0x00,0x14,
 468          };
 469          //------------------------------------------------------
 470          
 471          
 472          // 0x000 ... 0x07f ==>analog DDC
 473          // 0x080 ... 0x0ff ==>digiatl DDC
 474          // 0x100 ...0x17f ==> TV channel fine tune,PR. NO. TV CH.
 475          // 0x180 ...0x1ff ==> CATV channel fine tune,PR. NO. CATV CH.
 476          // 0x200 ... 0x244 ==>EEP_GeoMap
 477          // 0x245..... CH_status
 478          // 0x246....Bass
 479          // 0x247....Treble
 480          // 0x248 ... 0x27F ==> Free
 481          // 0x280 ... 0x28f ==>TV channel mask(ADD/DEL),PR. NO. TV channel mask
 482          // 0x290 ... 0x29f ==>CATV channel mask(ADD/DEL),PR. NO. CATV channel mask
 483          // 0x300 ... 0x468 ==>EEP_FreqMap
 484          // 0x469 ... 0x4ff ==> Free
 485          // 0x500 ... 0x7D0 ==>EEP_SyncMap
 486          // 0x7d1 ... 0x7EF ==>Free
 487          
 488          // 0x7F0 ... 0x7Fb  ==> Closed-Caption & V-Chip
C51 COMPILER V7.03   ROM_MAP                                                               12/21/2006 18:12:26 PAGE 9   

 489          //0x7F0: caption on/off //INIT STATUS==OFF
 490          //0x7F1: caption mode
 491          //0x7F2: display box/shadow
 492          //0x7F3: VChip Enable
 493          //0x7F4...0x7F7: password default(0000)
 494          //0x7F8: MPAA Rating
 495                          //BIT_0:MPAA_G
 496                          //BIT_1:MPAA_PG
 497                          //BIT_2:MPAA_PG13
 498                          //BIT_3:MPAA_R
 499                          //BIT_4:MPAA_NC17
 500                          //BIT_5:MPAA_X
 501                          //BIT_6:MPAA_NR
 502          //0x7F9: TV Guidences 1
 503                          //BIT_0:TV-Y
 504                          //BIT_1:TV-Y7
 505                          //BIT_2:TV-Y7-FV
 506                          //BIT_3:
 507                          //BIT_4:TV-G
 508                          //BIT_5:TV-PG
 509                          //BIT_6:TV-14
 510                          //BIT_7:TV-MA
 511          //0x7Fa: TV Guidences 2
 512                          //BIT_0:TV-PG-V
 513                          //BIT_1:TV-14-V
 514                          //BIT_2:TV-MA-V
 515                          //BIT_3:
 516                          //BIT_4:TV-PG-S
 517                          //BIT_5:TV-14-S
 518                          //BIT_6:TV-MA-S
 519                          //BIT_7:
 520          //0x7Fb: TV Guidences 3
 521                          //BIT_0:TV-PG-L
 522                          //BIT_1:TV-14-L
 523                          //BIT_2:TV-MA-L
 524                          //BIT_3:
 525                          //BIT_4:TV-PG-D
 526                          //BIT_5:TV-14-D
 527                          //BIT_6:
 528                          //BIT_7:
 529                          
 530          unsigned char code KeyTable[16]={
 531                                                          0x02,   // 0x00 ~ 0x07 (0.0000v ~ 0.2694v)
 532                                  0x02,   // 0x08 ~ 0x0F (0.3045v ~ 0.5806v)
 533                                  0x02,   // 0x10 ~ 0x17 (0.6191v ~ 0.8962v)
 534                                  0x02,   // 0x18 ~ 0x1F (0.9330v ~ 1.2090v)
 535                                  0x01,   // 0x20 ~ 0x27 (1.2472v ~ 1.5300v)
 536                                  0x01,   // 0x28 ~ 0x2F (1.5617v ~ 1.8391v)
 537                                  0x01,   // 0x30 ~ 0x37 (1.8749v ~ 2.1541v)
 538                                                  0x01,   // 0x38 ~ 0x3F (2.1887v ~ 2.4682v)
 539                                                  0x01,   // 0x40 ~ 0x47 (2.5000v ~ 2.7840v)
 540                                                  0x01,   // 0x48 ~ 0x4F (2.8139v ~ 3.0974v)
 541                                                  0x01,   // 0x50 ~ 0x57 (3.1259v ~ 3.4147v)
 542                                                  0x00,   // 0x58 ~ 0x5F (3.4409v ~ 3.7229v)
 543                                                  0x00,   // 0x60 ~ 0x67 (3.7514v ~ 4.0378v)
 544                                                  0x00,   // 0x68 ~ 0x6F (4.0682v ~ 4.3477v)
 545                                                  0x00,   // 0x70 ~ 0x77 (4.3800v ~ 4.6565v)
 546                                                  0x00};  // 0x78 ~ 0x7F (4.6916v ~ 4.9600v)              
 547          
 548          code unsigned char McuRegTab[]={                        // 1일때 입력, 0일때 출력...
 549                                                          0xFF,   // PortA
 550                                                          0xff,   // PortB
C51 COMPILER V7.03   ROM_MAP                                                               12/21/2006 18:12:26 PAGE 10  

 551                                                          0x68,   // PortC
 552                                                          0xef,   // PortD
 553                                                          0x00,   // PortE
 554                                                          0xFF,   // RDPA_REG
 555                                                          0x0f,   // RDPB_REG 
 556                                                          0x60,   // RDPC_REG
 557                                                  //      0xed,   // RDPD_REG
 558                                                  //      0xe9,   // RDPD_REG     // +jwshin 050801
 559                                                          0xc1,   // RDPD_REG     // +jwshin 061013   추후에 0xf1으로 변경...
 560                                                          0x00,   // RDPE_REG
 561                                                          0x55,   // CLRWDT
 562                                                          0x00,   // ADC_CON
 563                                                          0x00,   // ADC0_REG
 564                                                          0x00,   // ADC1_REG
 565                                                          0x00,   // ADC2_REG
 566                                                          0x00,   // ADC3_REG
 567                                                          0x00,   // PWM0/1 Enable
 568                                                          0xc0,   // PWM2...9 Enable  8--bright 9--volume..
 569                                                          0x00,   // PWM0 
 570                                                          0x00,   // PWM1
 571                                                          0x00,   // PWM2
 572                                                          0x00,   // PWM3
 573                                                          0x00,   // PWM4
 574                                                          0x00,   // PWM5 Volume
 575                                                          0x00,   // PWM6
 576                                                          0xa5,   // PWM7
 577                                                          0x00,   // PWM8 
 578                                                          0x00,   // PWM9 FuncBuf[pBRIGHTNESS]
 579                                                          0x00,   // DDC_CTRL_0
 580                                                          0x00,   // DDC_ADDR_0
 581                                                          0x00,   // DDC_CTRL_1
 582                                                          0x00,   // DDC_ADDR_1
 583                                                          0x00,   // INT_SRC
 584                                                          0x03,   // INTEXT_FLG/CLR
 585                                                          0x03,   // INTEXT_EN
 586          };
 587          
 588          


MODULE INFORMATION:   STATIC OVERLAYABLE
   CODE SIZE        =   ----    ----
   CONSTANT SIZE    =   1320    ----
   XDATA SIZE       =   ----    ----
   PDATA SIZE       =   ----    ----
   DATA SIZE        =   ----    ----
   IDATA SIZE       =   ----    ----
   BIT SIZE         =   ----    ----
END OF MODULE INFORMATION.


C51 COMPILATION COMPLETE.  0 WARNING(S),  0 ERROR(S)
